#
# There is insufficient memory for the Java Runtime Environment to continue.
# Native memory allocation (malloc) failed to allocate 1850576 bytes for Chunk::new
# Possible reasons:
#   The system is out of physical RAM or swap space
#   The process is running with CompressedOops enabled, and the Java Heap may be blocking the growth of the native heap
# Possible solutions:
#   Reduce memory load on the system
#   Increase physical memory or swap space
#   Check if swap backing store is full
#   Decrease Java heap size (-Xmx/-Xms)
#   Decrease number of Java threads
#   Decrease Java thread stack sizes (-Xss)
#   Set larger code cache with -XX:ReservedCodeCacheSize=
#   JVM is running with Unscaled Compressed Oops mode in which the Java heap is
#     placed in the first 4GB address space. The Java Heap base address is the
#     maximum limit for the native heap growth. Please use -XX:HeapBaseMinAddress
#     to set the Java Heap base and to place the Java Heap above 4GB virtual address.
# This output file may be truncated or incomplete.
#
#  Out of Memory Error (./src/hotspot/share/memory/arena.cpp:197), pid=16660, tid=21620
#
# JRE version: OpenJDK Runtime Environment (11.0.12+7) (build 11.0.12+7-b1504.28-7817840)
# Java VM: OpenJDK 64-Bit Server VM (11.0.12+7-b1504.28-7817840, mixed mode, tiered, compressed oops, g1 gc, windows-amd64)
# No core dump will be written. Minidumps are not enabled by default on client versions of Windows
#

---------------  S U M M A R Y ------------

Command Line: --add-opens=java.base/java.util=ALL-UNNAMED --add-opens=java.base/java.lang=ALL-UNNAMED --add-opens=java.base/java.lang.invoke=ALL-UNNAMED --add-opens=java.base/java.util=ALL-UNNAMED --add-opens=java.prefs/java.util.prefs=ALL-UNNAMED --add-opens=java.prefs/java.util.prefs=ALL-UNNAMED --add-opens=java.base/java.nio.charset=ALL-UNNAMED --add-opens=java.base/java.net=ALL-UNNAMED --add-opens=java.base/java.util.concurrent.atomic=ALL-UNNAMED -Xmx2048m -Dfile.encoding=UTF-8 -Duser.country=US -Duser.language=en -Duser.variant org.gradle.launcher.daemon.bootstrap.GradleDaemon 7.3.3

Host: AMD Ryzen 5 5600H with Radeon Graphics         , 12 cores, 5G,  Windows 10 , 64 bit Build 19041 (10.0.19041.1741)
Time: Sun Jul  3 11:12:21 2022 Central Europe Daylight Time elapsed time: 11.149611 seconds (0d 0h 0m 11s)

---------------  T H R E A D  ---------------

Current thread (0x000001a50748b000):  JavaThread "C2 CompilerThread0" daemon [_thread_in_native, id=21620, stack(0x0000006a26d00000,0x0000006a26e00000)]


Current CompileTask:
C2:  11149 7570 %     4       org.gradle.internal.instantiation.generator.AbstractClassGenerator::inspectType @ 77 (560 bytes)

Stack: [0x0000006a26d00000,0x0000006a26e00000]
Native frames: (J=compiled Java code, j=interpreted, Vv=VM code, C=native code)
V  [jvm.dll+0x5fbcea]
V  [jvm.dll+0x731905]
V  [jvm.dll+0x732f1d]
V  [jvm.dll+0x7335d3]
V  [jvm.dll+0x247bf8]
V  [jvm.dll+0xc018c]
V  [jvm.dll+0xc06cc]
V  [jvm.dll+0x35b31d]
V  [jvm.dll+0x328803]
V  [jvm.dll+0x327cfa]
V  [jvm.dll+0x200602]
V  [jvm.dll+0x1ff794]
V  [jvm.dll+0x18868c]
V  [jvm.dll+0x20e0d7]
V  [jvm.dll+0x20c901]
V  [jvm.dll+0x6f9b7f]
V  [jvm.dll+0x6f26a5]
V  [jvm.dll+0x5fabf6]
C  [ucrtbase.dll+0x21bb2]
C  [KERNEL32.DLL+0x17034]
C  [ntdll.dll+0x52651]


---------------  P R O C E S S  ---------------

Threads class SMR info:
_java_thread_list=0x000001a50f4d9bf0, length=166, elements={
0x000001a56cb4d000, 0x000001a507461000, 0x000001a50746e800, 0x000001a50747c800,
0x000001a50747d800, 0x000001a507480000, 0x000001a50748b000, 0x000001a507497000,
0x000001a507498000, 0x000001a507f41800, 0x000001a50aa29000, 0x000001a5094e3800,
0x000001a509070800, 0x000001a5095b1000, 0x000001a50915c800, 0x000001a5098de800,
0x000001a50a48e000, 0x000001a50b39d000, 0x000001a509fdd000, 0x000001a50954f000,
0x000001a509fc4000, 0x000001a509fbe800, 0x000001a509fc5000, 0x000001a509fc0800,
0x000001a509fc1800, 0x000001a509fc0000, 0x000001a509fc3000, 0x000001a509fc2800,
0x000001a509fbf000, 0x000001a50b453000, 0x000001a50b452800, 0x000001a50b454000,
0x000001a50b455000, 0x000001a50b44f000, 0x000001a50b455800, 0x000001a50b450000,
0x000001a50b456800, 0x000001a50b451000, 0x000001a50b459000, 0x000001a50b45c000,
0x000001a50b45a800, 0x000001a50b45d000, 0x000001a50b45b800, 0x000001a50b459800,
0x000001a50b457800, 0x000001a50b458000, 0x000001a509c2a000, 0x000001a509c25800,
0x000001a509c2b800, 0x000001a509c2c000, 0x000001a509c29000, 0x000001a509c2a800,
0x000001a509c28000, 0x000001a509c27800, 0x000001a509c26800, 0x000001a509c30800,
0x000001a509c2f800, 0x000001a509c2d000, 0x000001a509c33800, 0x000001a509c2e800,
0x000001a509c31000, 0x000001a509c32000, 0x000001a509c33000, 0x000001a509c2e000,
0x000001a509c34800, 0x000001a50d221000, 0x000001a50d222000, 0x000001a50d21f800,
0x000001a50d226000, 0x000001a50d223800, 0x000001a50d222800, 0x000001a50d225000,
0x000001a50d220000, 0x000001a50d22a000, 0x000001a50d226800, 0x000001a50d229000,
0x000001a50d224000, 0x000001a50d22c800, 0x000001a50d227800, 0x000001a50d22b800,
0x000001a50d22d000, 0x000001a50d22a800, 0x000001a50d22e000, 0x000001a50d228800,
0x000001a50ad71000, 0x000001a50ad76000, 0x000001a50ad70800, 0x000001a50ad72000,
0x000001a50ad74800, 0x000001a50ad77000, 0x000001a50ad77800, 0x000001a50ad72800,
0x000001a50ad75000, 0x000001a50ad79800, 0x000001a50ad73800, 0x000001a50ad7a000,
0x000001a50ad7b800, 0x000001a50ad7b000, 0x000001a50ad7c800, 0x000001a50ad7d800,
0x000001a50ad7e000, 0x000001a50ad78800, 0x000001a50ad7f000, 0x000001a509119000,
0x000001a50911c000, 0x000001a50911a800, 0x000001a50911b800, 0x000001a50911a000,
0x000001a509116800, 0x000001a50911d000, 0x000001a509117800, 0x000001a50911e000,
0x000001a509118000, 0x000001a50911f800, 0x000001a509122000, 0x000001a509123800,
0x000001a509120800, 0x000001a509121000, 0x000001a50911e800, 0x000001a509124800,
0x000001a509125000, 0x000001a509123000, 0x000001a50a542000, 0x000001a50a543800,
0x000001a50a544800, 0x000001a50a545800, 0x000001a50a547000, 0x000001a50a546000,
0x000001a50a548800, 0x000001a50a543000, 0x000001a50a549800, 0x000001a50a548000,
0x000001a50a54b000, 0x000001a50a54c000, 0x000001a50a54f000, 0x000001a50a54a000,
0x000001a50a54c800, 0x000001a50a54d800, 0x000001a50a54e800, 0x000001a50a551000,
0x000001a50a550000, 0x000001a50d3bc800, 0x000001a50d3bd800, 0x000001a50d3be000,
0x000001a50d3b9000, 0x000001a50d3bb000, 0x000001a50d3ba000, 0x000001a50d3bb800,
0x000001a50d3b8800, 0x000001a50d3c3000, 0x000001a50d3c2000, 0x000001a50d3c4000,
0x000001a50d3c4800, 0x000001a50d3bf000, 0x000001a50d3c0800, 0x000001a50d3c0000,
0x000001a50d3c1800, 0x000001a50d3c7000, 0x000001a50d3c6800, 0x000001a50d3c5800,
0x000001a50af97800, 0x000001a50af9a000, 0x000001a50af98800, 0x000001a50af94800,
0x000001a50af9b000, 0x000001a50af95000
}

Java Threads: ( => current thread )
  0x000001a56cb4d000 JavaThread "main" [_thread_blocked, id=31056, stack(0x0000006a26100000,0x0000006a26200000)]
  0x000001a507461000 JavaThread "Reference Handler" daemon [_thread_blocked, id=16200, stack(0x0000006a26800000,0x0000006a26900000)]
  0x000001a50746e800 JavaThread "Finalizer" daemon [_thread_blocked, id=7908, stack(0x0000006a26900000,0x0000006a26a00000)]
  0x000001a50747c800 JavaThread "Signal Dispatcher" daemon [_thread_blocked, id=13796, stack(0x0000006a26a00000,0x0000006a26b00000)]
  0x000001a50747d800 JavaThread "Attach Listener" daemon [_thread_blocked, id=17472, stack(0x0000006a26b00000,0x0000006a26c00000)]
  0x000001a507480000 JavaThread "Service Thread" daemon [_thread_blocked, id=21328, stack(0x0000006a26c00000,0x0000006a26d00000)]
=>0x000001a50748b000 JavaThread "C2 CompilerThread0" daemon [_thread_in_native, id=21620, stack(0x0000006a26d00000,0x0000006a26e00000)]
  0x000001a507497000 JavaThread "C1 CompilerThread0" daemon [_thread_blocked, id=25368, stack(0x0000006a26e00000,0x0000006a26f00000)]
  0x000001a507498000 JavaThread "Sweeper thread" daemon [_thread_blocked, id=18316, stack(0x0000006a26f00000,0x0000006a27000000)]
  0x000001a507f41800 JavaThread "Common-Cleaner" daemon [_thread_blocked, id=15428, stack(0x0000006a27000000,0x0000006a27100000)]
  0x000001a50aa29000 JavaThread "Daemon health stats" [_thread_blocked, id=25624, stack(0x0000006a27500000,0x0000006a27600000)]
  0x000001a5094e3800 JavaThread "Incoming local TCP Connector on port 56529" [_thread_in_native, id=22704, stack(0x0000006a27600000,0x0000006a27700000)]
  0x000001a509070800 JavaThread "Daemon periodic checks" [_thread_blocked, id=25752, stack(0x0000006a27700000,0x0000006a27800000)]
  0x000001a5095b1000 JavaThread "Daemon" [_thread_blocked, id=18216, stack(0x0000006a27800000,0x0000006a27900000)]
  0x000001a50915c800 JavaThread "Handler for socket connection from /127.0.0.1:56529 to /127.0.0.1:56530" [_thread_in_native, id=25100, stack(0x0000006a27900000,0x0000006a27a00000)]
  0x000001a5098de800 JavaThread "Cancel handler" [_thread_blocked, id=1804, stack(0x0000006a27a00000,0x0000006a27b00000)]
  0x000001a50a48e000 JavaThread "Daemon worker" [_thread_in_vm, id=17512, stack(0x0000006a27b00000,0x0000006a27c00000)]
  0x000001a50b39d000 JavaThread "Asynchronous log dispatcher for DefaultDaemonConnection: socket connection from /127.0.0.1:56529 to /127.0.0.1:56530" [_thread_blocked, id=30496, stack(0x0000006a27c00000,0x0000006a27d00000)]
  0x000001a509fdd000 JavaThread "Stdin handler" [_thread_blocked, id=7968, stack(0x0000006a27d00000,0x0000006a27e00000)]
  0x000001a50954f000 JavaThread "Daemon client event forwarder" [_thread_blocked, id=28948, stack(0x0000006a27e00000,0x0000006a27f00000)]
  0x000001a509fc4000 JavaThread "Cache worker for journal cache (C:\Users\Shend\.gradle\caches\journal-1)" [_thread_blocked, id=7548, stack(0x0000006a28700000,0x0000006a28800000)]
  0x000001a509fbe800 JavaThread "File lock request listener" [_thread_in_native, id=31180, stack(0x0000006a28800000,0x0000006a28900000)]
  0x000001a509fc5000 JavaThread "Cache worker for file hash cache (C:\Users\Shend\.gradle\caches\7.3.3\fileHashes)" [_thread_blocked, id=22556, stack(0x0000006a28900000,0x0000006a28a00000)]
  0x000001a509fc0800 JavaThread "Cache worker for file hash cache (C:\Users\Shend\AndroidStudioProjects\KotlinQuizApp\.gradle\7.3.3\fileHashes)" [_thread_blocked, id=7184, stack(0x0000006a28c00000,0x0000006a28d00000)]
  0x000001a509fc1800 JavaThread "File watcher server" daemon [_thread_in_native, id=12040, stack(0x0000006a28d00000,0x0000006a28e00000)]
  0x000001a509fc0000 JavaThread "File watcher consumer" daemon [_thread_blocked, id=1104, stack(0x0000006a28e00000,0x0000006a28f00000)]
  0x000001a509fc3000 JavaThread "Cache worker for checksums cache (C:\Users\Shend\AndroidStudioProjects\KotlinQuizApp\.gradle\7.3.3\checksums)" [_thread_blocked, id=21428, stack(0x0000006a28f00000,0x0000006a29000000)]
  0x000001a509fc2800 JavaThread "Cache worker for cache directory md-supplier (C:\Users\Shend\.gradle\caches\7.3.3\md-supplier)" [_thread_blocked, id=28824, stack(0x0000006a29000000,0x0000006a29100000)]
  0x000001a509fbf000 JavaThread "Cache worker for cache directory md-rule (C:\Users\Shend\.gradle\caches\7.3.3\md-rule)" [_thread_blocked, id=21848, stack(0x0000006a29100000,0x0000006a29200000)]
  0x000001a50b453000 JavaThread "Cache worker for execution history cache (C:\Users\Shend\.gradle\caches\7.3.3\executionHistory)" [_thread_blocked, id=7960, stack(0x0000006a29200000,0x0000006a29300000)]
  0x000001a50b452800 JavaThread "jar transforms" [_thread_blocked, id=25880, stack(0x0000006a29300000,0x0000006a29400000)]
  0x000001a50b454000 JavaThread "Cache worker for file content cache (C:\Users\Shend\.gradle\caches\7.3.3\fileContent)" [_thread_blocked, id=24172, stack(0x0000006a29400000,0x0000006a29500000)]
  0x000001a50b455000 JavaThread "jar transforms Thread 2" [_thread_blocked, id=21012, stack(0x0000006a29500000,0x0000006a29600000)]
  0x000001a50b44f000 JavaThread "Cache worker for dependencies-accessors (C:\Users\Shend\AndroidStudioProjects\KotlinQuizApp\.gradle\7.3.3\dependencies-accessors)" [_thread_blocked, id=28528, stack(0x0000006a29600000,0x0000006a29700000)]
  0x000001a50b455800 JavaThread "jar transforms Thread 3" [_thread_blocked, id=20608, stack(0x0000006a29700000,0x0000006a29800000)]
  0x000001a50b450000 JavaThread "Cache worker for Build Output Cleanup Cache (C:\Users\Shend\AndroidStudioProjects\KotlinQuizApp\.gradle\buildOutputCleanup)" [_thread_blocked, id=9376, stack(0x0000006a29800000,0x0000006a29900000)]
  0x000001a50b456800 JavaThread "Unconstrained build operations" [_thread_blocked, id=22200, stack(0x0000006a29900000,0x0000006a29a00000)]
  0x000001a50b451000 JavaThread "Unconstrained build operations Thread 2" [_thread_blocked, id=9240, stack(0x0000006a29a00000,0x0000006a29b00000)]
  0x000001a50b459000 JavaThread "Unconstrained build operations Thread 3" [_thread_blocked, id=26436, stack(0x0000006a29b00000,0x0000006a29c00000)]
  0x000001a50b45c000 JavaThread "Unconstrained build operations Thread 4" [_thread_blocked, id=16880, stack(0x0000006a29c00000,0x0000006a29d00000)]
  0x000001a50b45a800 JavaThread "Unconstrained build operations Thread 5" [_thread_blocked, id=20212, stack(0x0000006a29d00000,0x0000006a29e00000)]
  0x000001a50b45d000 JavaThread "Unconstrained build operations Thread 6" [_thread_blocked, id=23612, stack(0x0000006a29e00000,0x0000006a29f00000)]
  0x000001a50b45b800 JavaThread "Unconstrained build operations Thread 7" [_thread_blocked, id=28412, stack(0x0000006a29f00000,0x0000006a2a000000)]
  0x000001a50b459800 JavaThread "Unconstrained build operations Thread 8" [_thread_blocked, id=20400, stack(0x0000006a2a000000,0x0000006a2a100000)]
  0x000001a50b457800 JavaThread "Unconstrained build operations Thread 9" [_thread_blocked, id=4856, stack(0x0000006a2a100000,0x0000006a2a200000)]
  0x000001a50b458000 JavaThread "Unconstrained build operations Thread 10" [_thread_blocked, id=15176, stack(0x0000006a2a200000,0x0000006a2a300000)]
  0x000001a509c2a000 JavaThread "Unconstrained build operations Thread 11" [_thread_blocked, id=31488, stack(0x0000006a2a300000,0x0000006a2a400000)]
  0x000001a509c25800 JavaThread "Unconstrained build operations Thread 12" [_thread_blocked, id=31564, stack(0x0000006a2a400000,0x0000006a2a500000)]
  0x000001a509c2b800 JavaThread "Unconstrained build operations Thread 13" [_thread_blocked, id=4832, stack(0x0000006a2a500000,0x0000006a2a600000)]
  0x000001a509c2c000 JavaThread "Unconstrained build operations Thread 14" [_thread_blocked, id=2024, stack(0x0000006a2a600000,0x0000006a2a700000)]
  0x000001a509c29000 JavaThread "Unconstrained build operations Thread 15" [_thread_blocked, id=14000, stack(0x0000006a2a700000,0x0000006a2a800000)]
  0x000001a509c2a800 JavaThread "Unconstrained build operations Thread 16" [_thread_blocked, id=29836, stack(0x0000006a2a800000,0x0000006a2a900000)]
  0x000001a509c28000 JavaThread "Unconstrained build operations Thread 17" [_thread_blocked, id=5864, stack(0x0000006a2a900000,0x0000006a2aa00000)]
  0x000001a509c27800 JavaThread "Unconstrained build operations Thread 18" [_thread_blocked, id=11476, stack(0x0000006a2aa00000,0x0000006a2ab00000)]
  0x000001a509c26800 JavaThread "Unconstrained build operations Thread 19" [_thread_blocked, id=4868, stack(0x0000006a2ab00000,0x0000006a2ac00000)]
  0x000001a509c30800 JavaThread "Unconstrained build operations Thread 20" [_thread_blocked, id=616, stack(0x0000006a2ac00000,0x0000006a2ad00000)]
  0x000001a509c2f800 JavaThread "Unconstrained build operations Thread 21" [_thread_blocked, id=15536, stack(0x0000006a2ad00000,0x0000006a2ae00000)]
  0x000001a509c2d000 JavaThread "Unconstrained build operations Thread 22" [_thread_blocked, id=18732, stack(0x0000006a2ae00000,0x0000006a2af00000)]
  0x000001a509c33800 JavaThread "Unconstrained build operations Thread 23" [_thread_blocked, id=4780, stack(0x0000006a2af00000,0x0000006a2b000000)]
  0x000001a509c2e800 JavaThread "Unconstrained build operations Thread 24" [_thread_blocked, id=25356, stack(0x0000006a2b000000,0x0000006a2b100000)]
  0x000001a509c31000 JavaThread "Unconstrained build operations Thread 25" [_thread_blocked, id=11832, stack(0x0000006a2b100000,0x0000006a2b200000)]
  0x000001a509c32000 JavaThread "Unconstrained build operations Thread 26" [_thread_blocked, id=20612, stack(0x0000006a2b200000,0x0000006a2b300000)]
  0x000001a509c33000 JavaThread "Unconstrained build operations Thread 27" [_thread_blocked, id=26592, stack(0x0000006a2b300000,0x0000006a2b400000)]
  0x000001a509c2e000 JavaThread "Unconstrained build operations Thread 28" [_thread_blocked, id=26264, stack(0x0000006a2b400000,0x0000006a2b500000)]
  0x000001a509c34800 JavaThread "Unconstrained build operations Thread 29" [_thread_blocked, id=25844, stack(0x0000006a2b500000,0x0000006a2b600000)]
  0x000001a50d221000 JavaThread "Unconstrained build operations Thread 30" [_thread_blocked, id=18724, stack(0x0000006a2b600000,0x0000006a2b700000)]
  0x000001a50d222000 JavaThread "Unconstrained build operations Thread 31" [_thread_blocked, id=15760, stack(0x0000006a2b700000,0x0000006a2b800000)]
  0x000001a50d21f800 JavaThread "Unconstrained build operations Thread 32" [_thread_blocked, id=22656, stack(0x0000006a2b800000,0x0000006a2b900000)]
  0x000001a50d226000 JavaThread "Unconstrained build operations Thread 33" [_thread_blocked, id=31912, stack(0x0000006a2b900000,0x0000006a2ba00000)]
  0x000001a50d223800 JavaThread "Unconstrained build operations Thread 34" [_thread_blocked, id=27196, stack(0x0000006a2ba00000,0x0000006a2bb00000)]
  0x000001a50d222800 JavaThread "Unconstrained build operations Thread 35" [_thread_blocked, id=26940, stack(0x0000006a2bb00000,0x0000006a2bc00000)]
  0x000001a50d225000 JavaThread "Unconstrained build operations Thread 36" [_thread_blocked, id=668, stack(0x0000006a2bc00000,0x0000006a2bd00000)]
  0x000001a50d220000 JavaThread "Unconstrained build operations Thread 37" [_thread_blocked, id=21108, stack(0x0000006a2bd00000,0x0000006a2be00000)]
  0x000001a50d22a000 JavaThread "Unconstrained build operations Thread 38" [_thread_blocked, id=29328, stack(0x0000006a2be00000,0x0000006a2bf00000)]
  0x000001a50d226800 JavaThread "Unconstrained build operations Thread 39" [_thread_blocked, id=2388, stack(0x0000006a2bf00000,0x0000006a2c000000)]
  0x000001a50d229000 JavaThread "Unconstrained build operations Thread 40" [_thread_blocked, id=26924, stack(0x0000006a2c000000,0x0000006a2c100000)]
  0x000001a50d224000 JavaThread "Unconstrained build operations Thread 41" [_thread_blocked, id=27384, stack(0x0000006a2c100000,0x0000006a2c200000)]
  0x000001a50d22c800 JavaThread "Unconstrained build operations Thread 42" [_thread_blocked, id=26596, stack(0x0000006a2c200000,0x0000006a2c300000)]
  0x000001a50d227800 JavaThread "Unconstrained build operations Thread 43" [_thread_blocked, id=3064, stack(0x0000006a2c300000,0x0000006a2c400000)]
  0x000001a50d22b800 JavaThread "Unconstrained build operations Thread 44" [_thread_blocked, id=7980, stack(0x0000006a2c400000,0x0000006a2c500000)]
  0x000001a50d22d000 JavaThread "Unconstrained build operations Thread 45" [_thread_blocked, id=21920, stack(0x0000006a2c500000,0x0000006a2c600000)]
  0x000001a50d22a800 JavaThread "Unconstrained build operations Thread 46" [_thread_blocked, id=9272, stack(0x0000006a2c600000,0x0000006a2c700000)]
  0x000001a50d22e000 JavaThread "Unconstrained build operations Thread 47" [_thread_blocked, id=7288, stack(0x0000006a2c700000,0x0000006a2c800000)]
  0x000001a50d228800 JavaThread "Unconstrained build operations Thread 48" [_thread_blocked, id=2992, stack(0x0000006a2c800000,0x0000006a2c900000)]
  0x000001a50ad71000 JavaThread "Unconstrained build operations Thread 49" [_thread_blocked, id=16576, stack(0x0000006a2c900000,0x0000006a2ca00000)]
  0x000001a50ad76000 JavaThread "Unconstrained build operations Thread 50" [_thread_blocked, id=29556, stack(0x0000006a2ca00000,0x0000006a2cb00000)]
  0x000001a50ad70800 JavaThread "Unconstrained build operations Thread 51" [_thread_blocked, id=8688, stack(0x0000006a2cb00000,0x0000006a2cc00000)]
  0x000001a50ad72000 JavaThread "Unconstrained build operations Thread 52" [_thread_blocked, id=19108, stack(0x0000006a2cc00000,0x0000006a2cd00000)]
  0x000001a50ad74800 JavaThread "Unconstrained build operations Thread 53" [_thread_blocked, id=29104, stack(0x0000006a2cd00000,0x0000006a2ce00000)]
  0x000001a50ad77000 JavaThread "Unconstrained build operations Thread 54" [_thread_blocked, id=31920, stack(0x0000006a2ce00000,0x0000006a2cf00000)]
  0x000001a50ad77800 JavaThread "Unconstrained build operations Thread 55" [_thread_blocked, id=11404, stack(0x0000006a2cf00000,0x0000006a2d000000)]
  0x000001a50ad72800 JavaThread "Unconstrained build operations Thread 56" [_thread_blocked, id=9828, stack(0x0000006a2d000000,0x0000006a2d100000)]
  0x000001a50ad75000 JavaThread "Unconstrained build operations Thread 57" [_thread_blocked, id=22864, stack(0x0000006a2d100000,0x0000006a2d200000)]
  0x000001a50ad79800 JavaThread "Unconstrained build operations Thread 58" [_thread_blocked, id=4640, stack(0x0000006a2d200000,0x0000006a2d300000)]
  0x000001a50ad73800 JavaThread "Unconstrained build operations Thread 59" [_thread_blocked, id=32284, stack(0x0000006a2d300000,0x0000006a2d400000)]
  0x000001a50ad7a000 JavaThread "Unconstrained build operations Thread 60" [_thread_blocked, id=19248, stack(0x0000006a2d400000,0x0000006a2d500000)]
  0x000001a50ad7b800 JavaThread "Unconstrained build operations Thread 61" [_thread_blocked, id=25416, stack(0x0000006a2d500000,0x0000006a2d600000)]
  0x000001a50ad7b000 JavaThread "Unconstrained build operations Thread 62" [_thread_blocked, id=20416, stack(0x0000006a2d600000,0x0000006a2d700000)]
  0x000001a50ad7c800 JavaThread "Unconstrained build operations Thread 63" [_thread_blocked, id=5736, stack(0x0000006a2d700000,0x0000006a2d800000)]
  0x000001a50ad7d800 JavaThread "Unconstrained build operations Thread 64" [_thread_blocked, id=20248, stack(0x0000006a2d800000,0x0000006a2d900000)]
  0x000001a50ad7e000 JavaThread "Unconstrained build operations Thread 65" [_thread_blocked, id=24188, stack(0x0000006a2d900000,0x0000006a2da00000)]
  0x000001a50ad78800 JavaThread "Unconstrained build operations Thread 66" [_thread_blocked, id=19452, stack(0x0000006a2da00000,0x0000006a2db00000)]
  0x000001a50ad7f000 JavaThread "Unconstrained build operations Thread 67" [_thread_blocked, id=30816, stack(0x0000006a2db00000,0x0000006a2dc00000)]
  0x000001a509119000 JavaThread "Unconstrained build operations Thread 68" [_thread_blocked, id=15040, stack(0x0000006a2dc00000,0x0000006a2dd00000)]
  0x000001a50911c000 JavaThread "Unconstrained build operations Thread 69" [_thread_blocked, id=23972, stack(0x0000006a2dd00000,0x0000006a2de00000)]
  0x000001a50911a800 JavaThread "Unconstrained build operations Thread 70" [_thread_blocked, id=30952, stack(0x0000006a2de00000,0x0000006a2df00000)]
  0x000001a50911b800 JavaThread "Unconstrained build operations Thread 71" [_thread_blocked, id=27840, stack(0x0000006a2df00000,0x0000006a2e000000)]
  0x000001a50911a000 JavaThread "Unconstrained build operations Thread 72" [_thread_blocked, id=31636, stack(0x0000006a2e000000,0x0000006a2e100000)]
  0x000001a509116800 JavaThread "Unconstrained build operations Thread 73" [_thread_blocked, id=4648, stack(0x0000006a2e100000,0x0000006a2e200000)]
  0x000001a50911d000 JavaThread "Unconstrained build operations Thread 74" [_thread_blocked, id=29024, stack(0x0000006a2e200000,0x0000006a2e300000)]
  0x000001a509117800 JavaThread "Unconstrained build operations Thread 75" [_thread_blocked, id=26408, stack(0x0000006a2e300000,0x0000006a2e400000)]
  0x000001a50911e000 JavaThread "Unconstrained build operations Thread 76" [_thread_blocked, id=29884, stack(0x0000006a2e400000,0x0000006a2e500000)]
  0x000001a509118000 JavaThread "Unconstrained build operations Thread 77" [_thread_blocked, id=29528, stack(0x0000006a2e500000,0x0000006a2e600000)]
  0x000001a50911f800 JavaThread "Unconstrained build operations Thread 78" [_thread_blocked, id=26380, stack(0x0000006a2e600000,0x0000006a2e700000)]
  0x000001a509122000 JavaThread "Unconstrained build operations Thread 79" [_thread_blocked, id=20404, stack(0x0000006a2e700000,0x0000006a2e800000)]
  0x000001a509123800 JavaThread "Unconstrained build operations Thread 80" [_thread_blocked, id=29504, stack(0x0000006a2e800000,0x0000006a2e900000)]
  0x000001a509120800 JavaThread "Unconstrained build operations Thread 81" [_thread_blocked, id=19924, stack(0x0000006a2e900000,0x0000006a2ea00000)]
  0x000001a509121000 JavaThread "Unconstrained build operations Thread 82" [_thread_blocked, id=24336, stack(0x0000006a2ea00000,0x0000006a2eb00000)]
  0x000001a50911e800 JavaThread "Unconstrained build operations Thread 83" [_thread_blocked, id=26124, stack(0x0000006a2eb00000,0x0000006a2ec00000)]
  0x000001a509124800 JavaThread "Unconstrained build operations Thread 84" [_thread_blocked, id=24816, stack(0x0000006a2ec00000,0x0000006a2ed00000)]
  0x000001a509125000 JavaThread "Unconstrained build operations Thread 85" [_thread_blocked, id=25440, stack(0x0000006a2ed00000,0x0000006a2ee00000)]
  0x000001a509123000 JavaThread "Unconstrained build operations Thread 86" [_thread_blocked, id=11884, stack(0x0000006a2ee00000,0x0000006a2ef00000)]
  0x000001a50a542000 JavaThread "Unconstrained build operations Thread 87" [_thread_blocked, id=10368, stack(0x0000006a2ef00000,0x0000006a2f000000)]
  0x000001a50a543800 JavaThread "Unconstrained build operations Thread 88" [_thread_blocked, id=30272, stack(0x0000006a2f000000,0x0000006a2f100000)]
  0x000001a50a544800 JavaThread "Unconstrained build operations Thread 89" [_thread_blocked, id=4752, stack(0x0000006a2f100000,0x0000006a2f200000)]
  0x000001a50a545800 JavaThread "Unconstrained build operations Thread 90" [_thread_blocked, id=24168, stack(0x0000006a2f200000,0x0000006a2f300000)]
  0x000001a50a547000 JavaThread "Unconstrained build operations Thread 91" [_thread_blocked, id=15864, stack(0x0000006a2f300000,0x0000006a2f400000)]
  0x000001a50a546000 JavaThread "Unconstrained build operations Thread 92" [_thread_blocked, id=25448, stack(0x0000006a2f400000,0x0000006a2f500000)]
  0x000001a50a548800 JavaThread "Unconstrained build operations Thread 93" [_thread_blocked, id=28352, stack(0x0000006a2f500000,0x0000006a2f600000)]
  0x000001a50a543000 JavaThread "Unconstrained build operations Thread 94" [_thread_blocked, id=14996, stack(0x0000006a2f600000,0x0000006a2f700000)]
  0x000001a50a549800 JavaThread "Unconstrained build operations Thread 95" [_thread_blocked, id=20308, stack(0x0000006a2f700000,0x0000006a2f800000)]
  0x000001a50a548000 JavaThread "Unconstrained build operations Thread 96" [_thread_blocked, id=21288, stack(0x0000006a2f800000,0x0000006a2f900000)]
  0x000001a50a54b000 JavaThread "Unconstrained build operations Thread 97" [_thread_blocked, id=16768, stack(0x0000006a2f900000,0x0000006a2fa00000)]
  0x000001a50a54c000 JavaThread "Unconstrained build operations Thread 98" [_thread_blocked, id=664, stack(0x0000006a2fa00000,0x0000006a2fb00000)]
  0x000001a50a54f000 JavaThread "Unconstrained build operations Thread 99" [_thread_blocked, id=14620, stack(0x0000006a2fb00000,0x0000006a2fc00000)]
  0x000001a50a54a000 JavaThread "Unconstrained build operations Thread 100" [_thread_blocked, id=19560, stack(0x0000006a2fc00000,0x0000006a2fd00000)]
  0x000001a50a54c800 JavaThread "Unconstrained build operations Thread 101" [_thread_blocked, id=20700, stack(0x0000006a2fd00000,0x0000006a2fe00000)]
  0x000001a50a54d800 JavaThread "Unconstrained build operations Thread 102" [_thread_blocked, id=25596, stack(0x0000006a2fe00000,0x0000006a2ff00000)]
  0x000001a50a54e800 JavaThread "Unconstrained build operations Thread 103" [_thread_blocked, id=2636, stack(0x0000006a2ff00000,0x0000006a30000000)]
  0x000001a50a551000 JavaThread "Unconstrained build operations Thread 104" [_thread_blocked, id=31084, stack(0x0000006a30000000,0x0000006a30100000)]
  0x000001a50a550000 JavaThread "Unconstrained build operations Thread 105" [_thread_blocked, id=12124, stack(0x0000006a30100000,0x0000006a30200000)]
  0x000001a50d3bc800 JavaThread "Unconstrained build operations Thread 106" [_thread_blocked, id=26916, stack(0x0000006a30200000,0x0000006a30300000)]
  0x000001a50d3bd800 JavaThread "Unconstrained build operations Thread 107" [_thread_blocked, id=28920, stack(0x0000006a30300000,0x0000006a30400000)]
  0x000001a50d3be000 JavaThread "Unconstrained build operations Thread 108" [_thread_blocked, id=19264, stack(0x0000006a30400000,0x0000006a30500000)]
  0x000001a50d3b9000 JavaThread "Unconstrained build operations Thread 109" [_thread_blocked, id=29708, stack(0x0000006a30500000,0x0000006a30600000)]
  0x000001a50d3bb000 JavaThread "Unconstrained build operations Thread 110" [_thread_blocked, id=17804, stack(0x0000006a30600000,0x0000006a30700000)]
  0x000001a50d3ba000 JavaThread "Unconstrained build operations Thread 111" [_thread_blocked, id=25932, stack(0x0000006a30700000,0x0000006a30800000)]
  0x000001a50d3bb800 JavaThread "Unconstrained build operations Thread 112" [_thread_blocked, id=21520, stack(0x0000006a30800000,0x0000006a30900000)]
  0x000001a50d3b8800 JavaThread "Unconstrained build operations Thread 113" [_thread_blocked, id=13916, stack(0x0000006a30900000,0x0000006a30a00000)]
  0x000001a50d3c3000 JavaThread "Unconstrained build operations Thread 114" [_thread_blocked, id=19320, stack(0x0000006a30a00000,0x0000006a30b00000)]
  0x000001a50d3c2000 JavaThread "Unconstrained build operations Thread 115" [_thread_blocked, id=30948, stack(0x0000006a30b00000,0x0000006a30c00000)]
  0x000001a50d3c4000 JavaThread "Unconstrained build operations Thread 116" [_thread_blocked, id=21488, stack(0x0000006a30c00000,0x0000006a30d00000)]
  0x000001a50d3c4800 JavaThread "Unconstrained build operations Thread 117" [_thread_blocked, id=16864, stack(0x0000006a30d00000,0x0000006a30e00000)]
  0x000001a50d3bf000 JavaThread "Unconstrained build operations Thread 118" [_thread_blocked, id=32364, stack(0x0000006a30e00000,0x0000006a30f00000)]
  0x000001a50d3c0800 JavaThread "Unconstrained build operations Thread 119" [_thread_blocked, id=26040, stack(0x0000006a30f00000,0x0000006a31000000)]
  0x000001a50d3c0000 JavaThread "Unconstrained build operations Thread 120" [_thread_blocked, id=25632, stack(0x0000006a31000000,0x0000006a31100000)]
  0x000001a50d3c1800 JavaThread "jar transforms Thread 4" [_thread_blocked, id=14440, stack(0x0000006a31100000,0x0000006a31200000)]
  0x000001a50d3c7000 JavaThread "jar transforms Thread 5" [_thread_blocked, id=16300, stack(0x0000006a31200000,0x0000006a31300000)]
  0x000001a50d3c6800 JavaThread "jar transforms Thread 6" [_thread_blocked, id=10848, stack(0x0000006a31300000,0x0000006a31400000)]
  0x000001a50d3c5800 JavaThread "jar transforms Thread 7" [_thread_blocked, id=10692, stack(0x0000006a31400000,0x0000006a31500000)]
  0x000001a50af97800 JavaThread "jar transforms Thread 8" [_thread_blocked, id=31520, stack(0x0000006a31500000,0x0000006a31600000)]
  0x000001a50af9a000 JavaThread "jar transforms Thread 9" [_thread_blocked, id=11620, stack(0x0000006a31600000,0x0000006a31700000)]
  0x000001a50af98800 JavaThread "jar transforms Thread 10" [_thread_blocked, id=2784, stack(0x0000006a31700000,0x0000006a31800000)]
  0x000001a50af94800 JavaThread "jar transforms Thread 11" [_thread_blocked, id=20688, stack(0x0000006a31800000,0x0000006a31900000)]
  0x000001a50af9b000 JavaThread "jar transforms Thread 12" [_thread_blocked, id=17288, stack(0x0000006a31900000,0x0000006a31a00000)]
  0x000001a50af95000 JavaThread "Memory manager" [_thread_blocked, id=19692, stack(0x0000006a31a00000,0x0000006a31b00000)]

Other Threads:
  0x000001a50745c800 VMThread "VM Thread" [stack: 0x0000006a26700000,0x0000006a26800000] [id=29376]
  0x000001a507f4a000 WatcherThread [stack: 0x0000006a27100000,0x0000006a27200000] [id=388]
  0x000001a56cb67800 GCTaskThread "GC Thread#0" [stack: 0x0000006a26200000,0x0000006a26300000] [id=19648]
  0x000001a5089a7000 GCTaskThread "GC Thread#1" [stack: 0x0000006a27300000,0x0000006a27400000] [id=23596]
  0x000001a50a3f7000 GCTaskThread "GC Thread#2" [stack: 0x0000006a27f00000,0x0000006a28000000] [id=18968]
  0x000001a50a3f8000 GCTaskThread "GC Thread#3" [stack: 0x0000006a28000000,0x0000006a28100000] [id=27144]
  0x000001a50a3f8800 GCTaskThread "GC Thread#4" [stack: 0x0000006a28100000,0x0000006a28200000] [id=19652]
  0x000001a509c84000 GCTaskThread "GC Thread#5" [stack: 0x0000006a28200000,0x0000006a28300000] [id=8120]
  0x000001a50989a800 GCTaskThread "GC Thread#6" [stack: 0x0000006a28300000,0x0000006a28400000] [id=1768]
  0x000001a50989b000 GCTaskThread "GC Thread#7" [stack: 0x0000006a28400000,0x0000006a28500000] [id=14928]
  0x000001a50989b800 GCTaskThread "GC Thread#8" [stack: 0x0000006a28500000,0x0000006a28600000] [id=26972]
  0x000001a5096a1800 GCTaskThread "GC Thread#9" [stack: 0x0000006a28600000,0x0000006a28700000] [id=3156]
  0x000001a56cb97000 ConcurrentGCThread "G1 Main Marker" [stack: 0x0000006a26300000,0x0000006a26400000] [id=12708]
  0x000001a56cb99800 ConcurrentGCThread "G1 Conc#0" [stack: 0x0000006a26400000,0x0000006a26500000] [id=26228]
  0x000001a50a47c000 ConcurrentGCThread "G1 Conc#1" [stack: 0x0000006a28a00000,0x0000006a28b00000] [id=23136]
  0x000001a5093ae800 ConcurrentGCThread "G1 Conc#2" [stack: 0x0000006a28b00000,0x0000006a28c00000] [id=23532]
  0x000001a56cc28800 ConcurrentGCThread "G1 Refine#0" [stack: 0x0000006a26500000,0x0000006a26600000] [id=17784]
  0x000001a5097ad000 ConcurrentGCThread "G1 Refine#1" [stack: 0x0000006a27400000,0x0000006a27500000] [id=32308]
  0x000001a56cc29800 ConcurrentGCThread "G1 Young RemSet Sampling" [stack: 0x0000006a26600000,0x0000006a26700000] [id=14820]

Threads with active compile tasks:
C2 CompilerThread0  11183 7570 %     4       org.gradle.internal.instantiation.generator.AbstractClassGenerator::inspectType @ 77 (560 bytes)

VM state:not at safepoint (normal execution)

VM Mutex/Monitor currently owned by a thread: None

Heap address: 0x0000000080000000, size: 2048 MB, Compressed Oops mode: 32-bit
Narrow klass base: 0x0000000000000000, Narrow klass shift: 3
Compressed class space size: 1073741824 Address: 0x0000000100000000

Heap:
 garbage-first heap   total 167936K, used 120140K [0x0000000080000000, 0x0000000100000000)
  region size 1024K, 60 young (61440K), 9 survivors (9216K)
 Metaspace       used 78801K, capacity 80664K, committed 80776K, reserved 1120256K
  class space    used 10269K, capacity 10935K, committed 10960K, reserved 1048576K
Heap Regions: E=young(eden), S=young(survivor), O=old, HS=humongous(starts), HC=humongous(continues), CS=collection set, F=free, A=archive, TAMS=top-at-mark-start (previous, next)
|   0|0x0000000080000000, 0x0000000080100000, 0x0000000080100000|100%| O|  |TAMS 0x0000000080100000, 0x0000000080000000| Untracked 
|   1|0x0000000080100000, 0x0000000080200000, 0x0000000080200000|100%| O|  |TAMS 0x0000000080200000, 0x0000000080100000| Untracked 
|   2|0x0000000080200000, 0x0000000080300000, 0x0000000080300000|100%| O|  |TAMS 0x0000000080300000, 0x0000000080200000| Untracked 
|   3|0x0000000080300000, 0x0000000080400000, 0x0000000080400000|100%|HS|  |TAMS 0x0000000080400000, 0x0000000080300000| Complete 
|   4|0x0000000080400000, 0x0000000080500000, 0x0000000080500000|100%|HC|  |TAMS 0x0000000080500000, 0x0000000080400000| Complete 
|   5|0x0000000080500000, 0x0000000080600000, 0x0000000080600000|100%|HC|  |TAMS 0x0000000080600000, 0x0000000080500000| Complete 
|   6|0x0000000080600000, 0x0000000080700000, 0x0000000080700000|100%| O|  |TAMS 0x0000000080700000, 0x0000000080600000| Untracked 
|   7|0x0000000080700000, 0x0000000080800000, 0x0000000080800000|100%| O|  |TAMS 0x0000000080800000, 0x0000000080700000| Untracked 
|   8|0x0000000080800000, 0x0000000080900000, 0x0000000080900000|100%| O|  |TAMS 0x0000000080900000, 0x0000000080800000| Untracked 
|   9|0x0000000080900000, 0x0000000080a00000, 0x0000000080a00000|100%| O|  |TAMS 0x0000000080a00000, 0x0000000080900000| Untracked 
|  10|0x0000000080a00000, 0x0000000080b00000, 0x0000000080b00000|100%| O|  |TAMS 0x0000000080b00000, 0x0000000080a00000| Untracked 
|  11|0x0000000080b00000, 0x0000000080c00000, 0x0000000080c00000|100%| O|  |TAMS 0x0000000080c00000, 0x0000000080b00000| Untracked 
|  12|0x0000000080c00000, 0x0000000080d00000, 0x0000000080d00000|100%| O|  |TAMS 0x0000000080d00000, 0x0000000080c00000| Untracked 
|  13|0x0000000080d00000, 0x0000000080e00000, 0x0000000080e00000|100%| O|  |TAMS 0x0000000080e00000, 0x0000000080d00000| Untracked 
|  14|0x0000000080e00000, 0x0000000080f00000, 0x0000000080f00000|100%| O|  |TAMS 0x0000000080f00000, 0x0000000080e00000| Untracked 
|  15|0x0000000080f00000, 0x0000000081000000, 0x0000000081000000|100%| O|  |TAMS 0x0000000081000000, 0x0000000080f00000| Untracked 
|  16|0x0000000081000000, 0x0000000081100000, 0x0000000081100000|100%| O|  |TAMS 0x0000000081100000, 0x0000000081000000| Untracked 
|  17|0x0000000081100000, 0x0000000081200000, 0x0000000081200000|100%| O|  |TAMS 0x0000000081200000, 0x0000000081100000| Untracked 
|  18|0x0000000081200000, 0x0000000081300000, 0x0000000081300000|100%| O|  |TAMS 0x0000000081300000, 0x0000000081200000| Untracked 
|  19|0x0000000081300000, 0x0000000081400000, 0x0000000081400000|100%| O|  |TAMS 0x0000000081400000, 0x0000000081300000| Untracked 
|  20|0x0000000081400000, 0x0000000081500000, 0x0000000081500000|100%| O|  |TAMS 0x0000000081500000, 0x0000000081400000| Untracked 
|  21|0x0000000081500000, 0x0000000081600000, 0x0000000081600000|100%| O|  |TAMS 0x0000000081600000, 0x0000000081500000| Untracked 
|  22|0x0000000081600000, 0x0000000081700000, 0x0000000081700000|100%| O|  |TAMS 0x0000000081700000, 0x0000000081600000| Untracked 
|  23|0x0000000081700000, 0x0000000081800000, 0x0000000081800000|100%| O|  |TAMS 0x0000000081800000, 0x0000000081700000| Untracked 
|  24|0x0000000081800000, 0x0000000081900000, 0x0000000081900000|100%| O|  |TAMS 0x0000000081900000, 0x0000000081800000| Untracked 
|  25|0x0000000081900000, 0x0000000081a00000, 0x0000000081a00000|100%| O|  |TAMS 0x0000000081a00000, 0x0000000081900000| Untracked 
|  26|0x0000000081a00000, 0x0000000081b00000, 0x0000000081b00000|100%| O|  |TAMS 0x0000000081b00000, 0x0000000081a00000| Untracked 
|  27|0x0000000081b00000, 0x0000000081c00000, 0x0000000081c00000|100%|HS|  |TAMS 0x0000000081c00000, 0x0000000081b00000| Complete 
|  28|0x0000000081c00000, 0x0000000081d00000, 0x0000000081d00000|100%|HS|  |TAMS 0x0000000081d00000, 0x0000000081c00000| Complete 
|  29|0x0000000081d00000, 0x0000000081e00000, 0x0000000081e00000|100%|HS|  |TAMS 0x0000000081e00000, 0x0000000081d00000| Complete 
|  30|0x0000000081e00000, 0x0000000081f00000, 0x0000000081f00000|100%|HS|  |TAMS 0x0000000081f00000, 0x0000000081e00000| Complete 
|  31|0x0000000081f00000, 0x0000000082000000, 0x0000000082000000|100%|HC|  |TAMS 0x0000000082000000, 0x0000000081f00000| Complete 
|  32|0x0000000082000000, 0x0000000082100000, 0x0000000082100000|100%|HC|  |TAMS 0x0000000082100000, 0x0000000082000000| Complete 
|  33|0x0000000082100000, 0x0000000082200000, 0x0000000082200000|100%|HS|  |TAMS 0x0000000082200000, 0x0000000082100000| Complete 
|  34|0x0000000082200000, 0x0000000082300000, 0x0000000082300000|100%|HC|  |TAMS 0x0000000082300000, 0x0000000082200000| Complete 
|  35|0x0000000082300000, 0x0000000082400000, 0x0000000082400000|100%| O|  |TAMS 0x0000000082400000, 0x0000000082300000| Untracked 
|  36|0x0000000082400000, 0x0000000082500000, 0x0000000082500000|100%| O|  |TAMS 0x0000000082500000, 0x0000000082400000| Untracked 
|  37|0x0000000082500000, 0x0000000082600000, 0x0000000082600000|100%| O|  |TAMS 0x0000000082600000, 0x0000000082500000| Untracked 
|  38|0x0000000082600000, 0x0000000082700000, 0x0000000082700000|100%| O|  |TAMS 0x0000000082700000, 0x0000000082600000| Untracked 
|  39|0x0000000082700000, 0x0000000082800000, 0x0000000082800000|100%| O|  |TAMS 0x0000000082800000, 0x0000000082700000| Untracked 
|  40|0x0000000082800000, 0x0000000082900000, 0x0000000082900000|100%| O|  |TAMS 0x0000000082900000, 0x0000000082800000| Untracked 
|  41|0x0000000082900000, 0x0000000082a00000, 0x0000000082a00000|100%| O|  |TAMS 0x0000000082a00000, 0x0000000082900000| Untracked 
|  42|0x0000000082a00000, 0x0000000082b00000, 0x0000000082b00000|100%| O|  |TAMS 0x0000000082b00000, 0x0000000082a00000| Untracked 
|  43|0x0000000082b00000, 0x0000000082c00000, 0x0000000082c00000|100%| O|  |TAMS 0x0000000082c00000, 0x0000000082b00000| Untracked 
|  44|0x0000000082c00000, 0x0000000082d00000, 0x0000000082d00000|100%| O|  |TAMS 0x0000000082d00000, 0x0000000082c00000| Untracked 
|  45|0x0000000082d00000, 0x0000000082e00000, 0x0000000082e00000|100%| O|  |TAMS 0x0000000082e00000, 0x0000000082d00000| Untracked 
|  46|0x0000000082e00000, 0x0000000082f00000, 0x0000000082f00000|100%| O|  |TAMS 0x0000000082e00000, 0x0000000082e00000| Untracked 
|  47|0x0000000082f00000, 0x0000000083000000, 0x0000000083000000|100%| O|  |TAMS 0x0000000082f00000, 0x0000000082f00000| Untracked 
|  48|0x0000000083000000, 0x0000000083100000, 0x0000000083100000|100%| O|  |TAMS 0x0000000083100000, 0x0000000083000000| Untracked 
|  49|0x0000000083100000, 0x0000000083200000, 0x0000000083200000|100%| O|  |TAMS 0x0000000083200000, 0x0000000083100000| Untracked 
|  50|0x0000000083200000, 0x0000000083300000, 0x0000000083300000|100%| O|  |TAMS 0x0000000083300000, 0x0000000083200000| Untracked 
|  51|0x0000000083300000, 0x0000000083400000, 0x0000000083400000|100%| O|  |TAMS 0x000000008338ae00, 0x0000000083300000| Untracked 
|  52|0x0000000083400000, 0x0000000083500000, 0x0000000083500000|100%| O|  |TAMS 0x0000000083400000, 0x0000000083400000| Untracked 
|  53|0x0000000083500000, 0x0000000083600000, 0x0000000083600000|100%| O|  |TAMS 0x0000000083500000, 0x0000000083500000| Untracked 
|  54|0x0000000083600000, 0x0000000083700000, 0x0000000083700000|100%| O|  |TAMS 0x0000000083600000, 0x0000000083600000| Untracked 
|  55|0x0000000083700000, 0x0000000083800000, 0x0000000083800000|100%| O|  |TAMS 0x0000000083700000, 0x0000000083700000| Untracked 
|  56|0x0000000083800000, 0x0000000083900000, 0x0000000083900000|100%| O|  |TAMS 0x0000000083800000, 0x0000000083800000| Untracked 
|  57|0x0000000083900000, 0x0000000083a00000, 0x0000000083a00000|100%| O|  |TAMS 0x0000000083900000, 0x0000000083900000| Untracked 
|  58|0x0000000083a00000, 0x0000000083b00000, 0x0000000083b00000|100%| O|  |TAMS 0x0000000083a00000, 0x0000000083a00000| Untracked 
|  59|0x0000000083b00000, 0x0000000083b18000, 0x0000000083c00000|  9%| O|  |TAMS 0x0000000083b00000, 0x0000000083b00000| Untracked 
|  60|0x0000000083c00000, 0x0000000083c00000, 0x0000000083d00000|  0%| F|  |TAMS 0x0000000083c00000, 0x0000000083c00000| Untracked 
|  61|0x0000000083d00000, 0x0000000083d00000, 0x0000000083e00000|  0%| F|  |TAMS 0x0000000083d00000, 0x0000000083d00000| Untracked 
|  62|0x0000000083e00000, 0x0000000083e00000, 0x0000000083f00000|  0%| F|  |TAMS 0x0000000083e00000, 0x0000000083e00000| Untracked 
|  63|0x0000000083f00000, 0x0000000083f00000, 0x0000000084000000|  0%| F|  |TAMS 0x0000000083f00000, 0x0000000083f00000| Untracked 
|  64|0x0000000084000000, 0x0000000084000000, 0x0000000084100000|  0%| F|  |TAMS 0x0000000084000000, 0x0000000084000000| Untracked 
|  65|0x0000000084100000, 0x0000000084100000, 0x0000000084200000|  0%| F|  |TAMS 0x0000000084100000, 0x0000000084100000| Untracked 
|  66|0x0000000084200000, 0x0000000084200000, 0x0000000084300000|  0%| F|  |TAMS 0x0000000084200000, 0x0000000084200000| Untracked 
|  67|0x0000000084300000, 0x0000000084300000, 0x0000000084400000|  0%| F|  |TAMS 0x0000000084300000, 0x0000000084300000| Untracked 
|  68|0x0000000084400000, 0x0000000084400000, 0x0000000084500000|  0%| F|  |TAMS 0x0000000084400000, 0x0000000084400000| Untracked 
|  69|0x0000000084500000, 0x0000000084500000, 0x0000000084600000|  0%| F|  |TAMS 0x0000000084500000, 0x0000000084500000| Untracked 
|  70|0x0000000084600000, 0x0000000084600000, 0x0000000084700000|  0%| F|  |TAMS 0x0000000084600000, 0x0000000084600000| Untracked 
|  71|0x0000000084700000, 0x0000000084700000, 0x0000000084800000|  0%| F|  |TAMS 0x0000000084700000, 0x0000000084700000| Untracked 
|  72|0x0000000084800000, 0x0000000084800000, 0x0000000084900000|  0%| F|  |TAMS 0x0000000084800000, 0x0000000084800000| Untracked 
|  73|0x0000000084900000, 0x0000000084900000, 0x0000000084a00000|  0%| F|  |TAMS 0x0000000084900000, 0x0000000084900000| Untracked 
|  74|0x0000000084a00000, 0x0000000084a00000, 0x0000000084b00000|  0%| F|  |TAMS 0x0000000084a00000, 0x0000000084a00000| Untracked 
|  75|0x0000000084b00000, 0x0000000084b00000, 0x0000000084c00000|  0%| F|  |TAMS 0x0000000084b00000, 0x0000000084b00000| Untracked 
|  76|0x0000000084c00000, 0x0000000084c00000, 0x0000000084d00000|  0%| F|  |TAMS 0x0000000084c00000, 0x0000000084c00000| Untracked 
|  77|0x0000000084d00000, 0x0000000084d00000, 0x0000000084e00000|  0%| F|  |TAMS 0x0000000084d00000, 0x0000000084d00000| Untracked 
|  78|0x0000000084e00000, 0x0000000084e00000, 0x0000000084f00000|  0%| F|  |TAMS 0x0000000084e00000, 0x0000000084e00000| Untracked 
|  79|0x0000000084f00000, 0x0000000084f00000, 0x0000000085000000|  0%| F|  |TAMS 0x0000000084f00000, 0x0000000084f00000| Untracked 
|  80|0x0000000085000000, 0x0000000085000000, 0x0000000085100000|  0%| F|  |TAMS 0x0000000085000000, 0x0000000085000000| Untracked 
|  81|0x0000000085100000, 0x0000000085100000, 0x0000000085200000|  0%| F|  |TAMS 0x0000000085100000, 0x0000000085100000| Untracked 
|  82|0x0000000085200000, 0x0000000085200000, 0x0000000085300000|  0%| F|  |TAMS 0x0000000085200000, 0x0000000085200000| Untracked 
|  83|0x0000000085300000, 0x0000000085300000, 0x0000000085400000|  0%| F|  |TAMS 0x0000000085300000, 0x0000000085300000| Untracked 
|  84|0x0000000085400000, 0x0000000085400000, 0x0000000085500000|  0%| F|  |TAMS 0x0000000085400000, 0x0000000085400000| Untracked 
|  85|0x0000000085500000, 0x0000000085500000, 0x0000000085600000|  0%| F|  |TAMS 0x0000000085500000, 0x0000000085500000| Untracked 
|  86|0x0000000085600000, 0x0000000085600000, 0x0000000085700000|  0%| F|  |TAMS 0x0000000085600000, 0x0000000085600000| Untracked 
|  87|0x0000000085700000, 0x0000000085700000, 0x0000000085800000|  0%| F|  |TAMS 0x0000000085700000, 0x0000000085700000| Untracked 
|  88|0x0000000085800000, 0x0000000085800000, 0x0000000085900000|  0%| F|  |TAMS 0x0000000085800000, 0x0000000085800000| Untracked 
|  89|0x0000000085900000, 0x0000000085900000, 0x0000000085a00000|  0%| F|  |TAMS 0x0000000085900000, 0x0000000085900000| Untracked 
|  90|0x0000000085a00000, 0x0000000085a00000, 0x0000000085b00000|  0%| F|  |TAMS 0x0000000085a00000, 0x0000000085a00000| Untracked 
|  91|0x0000000085b00000, 0x0000000085b00000, 0x0000000085c00000|  0%| F|  |TAMS 0x0000000085b00000, 0x0000000085b00000| Untracked 
|  92|0x0000000085c00000, 0x0000000085c00000, 0x0000000085d00000|  0%| F|  |TAMS 0x0000000085c00000, 0x0000000085c00000| Untracked 
|  93|0x0000000085d00000, 0x0000000085d3b390, 0x0000000085e00000| 23%| S|CS|TAMS 0x0000000085d00000, 0x0000000085d00000| Complete 
|  94|0x0000000085e00000, 0x0000000085f00000, 0x0000000085f00000|100%| S|CS|TAMS 0x0000000085e00000, 0x0000000085e00000| Complete 
|  95|0x0000000085f00000, 0x0000000086000000, 0x0000000086000000|100%| S|CS|TAMS 0x0000000085f00000, 0x0000000085f00000| Complete 
|  96|0x0000000086000000, 0x0000000086100000, 0x0000000086100000|100%| S|CS|TAMS 0x0000000086000000, 0x0000000086000000| Complete 
|  97|0x0000000086100000, 0x0000000086200000, 0x0000000086200000|100%| S|CS|TAMS 0x0000000086100000, 0x0000000086100000| Complete 
|  98|0x0000000086200000, 0x0000000086300000, 0x0000000086300000|100%| S|CS|TAMS 0x0000000086200000, 0x0000000086200000| Complete 
|  99|0x0000000086300000, 0x0000000086400000, 0x0000000086400000|100%| S|CS|TAMS 0x0000000086300000, 0x0000000086300000| Complete 
| 100|0x0000000086400000, 0x0000000086500000, 0x0000000086500000|100%| S|CS|TAMS 0x0000000086400000, 0x0000000086400000| Complete 
| 101|0x0000000086500000, 0x0000000086600000, 0x0000000086600000|100%| S|CS|TAMS 0x0000000086500000, 0x0000000086500000| Complete 
| 102|0x0000000086600000, 0x0000000086600000, 0x0000000086700000|  0%| F|  |TAMS 0x0000000086600000, 0x0000000086600000| Untracked 
| 103|0x0000000086700000, 0x0000000086700000, 0x0000000086800000|  0%| F|  |TAMS 0x0000000086700000, 0x0000000086700000| Untracked 
| 104|0x0000000086800000, 0x0000000086800000, 0x0000000086900000|  0%| F|  |TAMS 0x0000000086800000, 0x0000000086800000| Untracked 
| 105|0x0000000086900000, 0x0000000086900000, 0x0000000086a00000|  0%| F|  |TAMS 0x0000000086900000, 0x0000000086900000| Untracked 
| 106|0x0000000086a00000, 0x0000000086a00000, 0x0000000086b00000|  0%| F|  |TAMS 0x0000000086a00000, 0x0000000086a00000| Untracked 
| 107|0x0000000086b00000, 0x0000000086b00000, 0x0000000086c00000|  0%| F|  |TAMS 0x0000000086b00000, 0x0000000086b00000| Untracked 
| 108|0x0000000086c00000, 0x0000000086c00000, 0x0000000086d00000|  0%| F|  |TAMS 0x0000000086c00000, 0x0000000086c00000| Untracked 
| 109|0x0000000086d00000, 0x0000000086d00000, 0x0000000086e00000|  0%| F|  |TAMS 0x0000000086d00000, 0x0000000086d00000| Untracked 
| 110|0x0000000086e00000, 0x0000000086e00000, 0x0000000086f00000|  0%| F|  |TAMS 0x0000000086e00000, 0x0000000086e00000| Untracked 
| 111|0x0000000086f00000, 0x0000000086f00000, 0x0000000087000000|  0%| F|  |TAMS 0x0000000086f00000, 0x0000000086f00000| Untracked 
| 112|0x0000000087000000, 0x0000000087081f08, 0x0000000087100000| 50%| E|  |TAMS 0x0000000087000000, 0x0000000087000000| Complete 
| 113|0x0000000087100000, 0x0000000087200000, 0x0000000087200000|100%| E|CS|TAMS 0x0000000087100000, 0x0000000087100000| Complete 
| 114|0x0000000087200000, 0x0000000087300000, 0x0000000087300000|100%| E|CS|TAMS 0x0000000087200000, 0x0000000087200000| Complete 
| 115|0x0000000087300000, 0x0000000087400000, 0x0000000087400000|100%| E|CS|TAMS 0x0000000087300000, 0x0000000087300000| Complete 
| 116|0x0000000087400000, 0x0000000087500000, 0x0000000087500000|100%| E|CS|TAMS 0x0000000087400000, 0x0000000087400000| Complete 
| 117|0x0000000087500000, 0x0000000087600000, 0x0000000087600000|100%| E|CS|TAMS 0x0000000087500000, 0x0000000087500000| Complete 
| 118|0x0000000087600000, 0x0000000087700000, 0x0000000087700000|100%| E|CS|TAMS 0x0000000087600000, 0x0000000087600000| Complete 
| 119|0x0000000087700000, 0x0000000087800000, 0x0000000087800000|100%| E|CS|TAMS 0x0000000087700000, 0x0000000087700000| Complete 
| 120|0x0000000087800000, 0x0000000087900000, 0x0000000087900000|100%| E|CS|TAMS 0x0000000087800000, 0x0000000087800000| Complete 
| 121|0x0000000087900000, 0x0000000087a00000, 0x0000000087a00000|100%| E|CS|TAMS 0x0000000087900000, 0x0000000087900000| Complete 
| 122|0x0000000087a00000, 0x0000000087b00000, 0x0000000087b00000|100%| E|CS|TAMS 0x0000000087a00000, 0x0000000087a00000| Complete 
| 123|0x0000000087b00000, 0x0000000087c00000, 0x0000000087c00000|100%| E|CS|TAMS 0x0000000087b00000, 0x0000000087b00000| Complete 
| 124|0x0000000087c00000, 0x0000000087d00000, 0x0000000087d00000|100%| E|CS|TAMS 0x0000000087c00000, 0x0000000087c00000| Complete 
| 125|0x0000000087d00000, 0x0000000087e00000, 0x0000000087e00000|100%| E|CS|TAMS 0x0000000087d00000, 0x0000000087d00000| Complete 
| 126|0x0000000087e00000, 0x0000000087f00000, 0x0000000087f00000|100%| E|CS|TAMS 0x0000000087e00000, 0x0000000087e00000| Complete 
| 127|0x0000000087f00000, 0x0000000088000000, 0x0000000088000000|100%| E|CS|TAMS 0x0000000087f00000, 0x0000000087f00000| Complete 
| 128|0x0000000088000000, 0x0000000088100000, 0x0000000088100000|100%| E|CS|TAMS 0x0000000088000000, 0x0000000088000000| Complete 
| 129|0x0000000088100000, 0x0000000088200000, 0x0000000088200000|100%| E|CS|TAMS 0x0000000088100000, 0x0000000088100000| Complete 
| 130|0x0000000088200000, 0x0000000088300000, 0x0000000088300000|100%| E|CS|TAMS 0x0000000088200000, 0x0000000088200000| Complete 
| 131|0x0000000088300000, 0x0000000088400000, 0x0000000088400000|100%| E|CS|TAMS 0x0000000088300000, 0x0000000088300000| Complete 
| 132|0x0000000088400000, 0x0000000088500000, 0x0000000088500000|100%| E|CS|TAMS 0x0000000088400000, 0x0000000088400000| Complete 
| 133|0x0000000088500000, 0x0000000088600000, 0x0000000088600000|100%| E|CS|TAMS 0x0000000088500000, 0x0000000088500000| Complete 
| 134|0x0000000088600000, 0x0000000088700000, 0x0000000088700000|100%| E|CS|TAMS 0x0000000088600000, 0x0000000088600000| Complete 
| 135|0x0000000088700000, 0x0000000088800000, 0x0000000088800000|100%| E|CS|TAMS 0x0000000088700000, 0x0000000088700000| Complete 
| 136|0x0000000088800000, 0x0000000088900000, 0x0000000088900000|100%| E|CS|TAMS 0x0000000088800000, 0x0000000088800000| Complete 
| 137|0x0000000088900000, 0x0000000088a00000, 0x0000000088a00000|100%| E|CS|TAMS 0x0000000088900000, 0x0000000088900000| Complete 
| 138|0x0000000088a00000, 0x0000000088b00000, 0x0000000088b00000|100%| E|CS|TAMS 0x0000000088a00000, 0x0000000088a00000| Complete 
| 139|0x0000000088b00000, 0x0000000088c00000, 0x0000000088c00000|100%| E|CS|TAMS 0x0000000088b00000, 0x0000000088b00000| Complete 
| 140|0x0000000088c00000, 0x0000000088d00000, 0x0000000088d00000|100%| E|CS|TAMS 0x0000000088c00000, 0x0000000088c00000| Complete 
| 141|0x0000000088d00000, 0x0000000088e00000, 0x0000000088e00000|100%| E|CS|TAMS 0x0000000088d00000, 0x0000000088d00000| Complete 
| 142|0x0000000088e00000, 0x0000000088f00000, 0x0000000088f00000|100%| E|CS|TAMS 0x0000000088e00000, 0x0000000088e00000| Complete 
| 143|0x0000000088f00000, 0x0000000089000000, 0x0000000089000000|100%| E|CS|TAMS 0x0000000088f00000, 0x0000000088f00000| Complete 
| 144|0x0000000089000000, 0x0000000089100000, 0x0000000089100000|100%| E|CS|TAMS 0x0000000089000000, 0x0000000089000000| Complete 
| 145|0x0000000089100000, 0x0000000089200000, 0x0000000089200000|100%| E|CS|TAMS 0x0000000089100000, 0x0000000089100000| Complete 
| 146|0x0000000089200000, 0x0000000089300000, 0x0000000089300000|100%| E|CS|TAMS 0x0000000089200000, 0x0000000089200000| Complete 
| 147|0x0000000089300000, 0x0000000089400000, 0x0000000089400000|100%| E|CS|TAMS 0x0000000089300000, 0x0000000089300000| Complete 
| 148|0x0000000089400000, 0x0000000089500000, 0x0000000089500000|100%| E|CS|TAMS 0x0000000089400000, 0x0000000089400000| Complete 
| 149|0x0000000089500000, 0x0000000089600000, 0x0000000089600000|100%| E|CS|TAMS 0x0000000089500000, 0x0000000089500000| Complete 
| 150|0x0000000089600000, 0x0000000089700000, 0x0000000089700000|100%| E|CS|TAMS 0x0000000089600000, 0x0000000089600000| Complete 
| 151|0x0000000089700000, 0x0000000089800000, 0x0000000089800000|100%| E|CS|TAMS 0x0000000089700000, 0x0000000089700000| Complete 
| 152|0x0000000089800000, 0x0000000089900000, 0x0000000089900000|100%| E|CS|TAMS 0x0000000089800000, 0x0000000089800000| Complete 
| 153|0x0000000089900000, 0x0000000089a00000, 0x0000000089a00000|100%| E|CS|TAMS 0x0000000089900000, 0x0000000089900000| Complete 
| 154|0x0000000089a00000, 0x0000000089b00000, 0x0000000089b00000|100%| E|CS|TAMS 0x0000000089a00000, 0x0000000089a00000| Complete 
| 155|0x0000000089b00000, 0x0000000089c00000, 0x0000000089c00000|100%| E|CS|TAMS 0x0000000089b00000, 0x0000000089b00000| Complete 
| 156|0x0000000089c00000, 0x0000000089d00000, 0x0000000089d00000|100%| E|CS|TAMS 0x0000000089c00000, 0x0000000089c00000| Complete 
| 157|0x0000000089d00000, 0x0000000089e00000, 0x0000000089e00000|100%| E|CS|TAMS 0x0000000089d00000, 0x0000000089d00000| Complete 
| 158|0x0000000089e00000, 0x0000000089f00000, 0x0000000089f00000|100%| E|CS|TAMS 0x0000000089e00000, 0x0000000089e00000| Complete 
| 159|0x0000000089f00000, 0x000000008a000000, 0x000000008a000000|100%| E|CS|TAMS 0x0000000089f00000, 0x0000000089f00000| Complete 
| 160|0x000000008a000000, 0x000000008a100000, 0x000000008a100000|100%| E|CS|TAMS 0x000000008a000000, 0x000000008a000000| Complete 
| 161|0x000000008a100000, 0x000000008a200000, 0x000000008a200000|100%| E|CS|TAMS 0x000000008a100000, 0x000000008a100000| Complete 
| 162|0x000000008a200000, 0x000000008a300000, 0x000000008a300000|100%| E|CS|TAMS 0x000000008a200000, 0x000000008a200000| Complete 
| 163|0x000000008a300000, 0x000000008a400000, 0x000000008a400000|100%| E|CS|TAMS 0x000000008a300000, 0x000000008a300000| Complete 

Card table byte_map: [0x000001a500000000,0x000001a500400000] _byte_map_base: 0x000001a4ffc00000

Marking Bits (Prev, Next): (CMBitMap*) 0x000001a56cb8e298, (CMBitMap*) 0x000001a56cb8e2d0
 Prev Bits: [0x000001a500800000, 0x000001a502800000)
 Next Bits: [0x000001a502800000, 0x000001a504800000)

Polling page: 0x000001a56c330000

Metaspace:

Usage:
  Non-class:     68.09 MB capacity,    66.97 MB ( 98%) used,   953.44 KB (  1%) free+waste,   197.44 KB ( <1%) overhead. 
      Class:     10.68 MB capacity,    10.03 MB ( 94%) used,   568.53 KB (  5%) free+waste,    91.63 KB ( <1%) overhead. 
       Both:     78.77 MB capacity,    77.00 MB ( 98%) used,     1.49 MB (  2%) free+waste,   289.06 KB ( <1%) overhead. 

Virtual space:
  Non-class space:       70.00 MB reserved,      68.18 MB ( 97%) committed 
      Class space:        1.00 GB reserved,      10.83 MB (  1%) committed 
             Both:        1.07 GB reserved,      79.01 MB (  7%) committed 

Chunk freelists:
   Non-Class:  23.00 KB
       Class:  9.00 KB
        Both:  32.00 KB

MaxMetaspaceSize: 17179869184.00 GB
CompressedClassSpaceSize: 1.00 GB
Initial GC threshold: 20.80 MB
Current GC threshold: 107.52 MB
CDS: off

CodeHeap 'non-profiled nmethods': size=120000Kb used=4554Kb max_used=4554Kb free=115446Kb
 bounds [0x000001a578130000, 0x000001a5785b0000, 0x000001a57f660000]
CodeHeap 'profiled nmethods': size=120000Kb used=17051Kb max_used=17051Kb free=102948Kb
 bounds [0x000001a570c00000, 0x000001a571cb0000, 0x000001a578130000]
CodeHeap 'non-nmethods': size=5760Kb used=2360Kb max_used=2402Kb free=3400Kb
 bounds [0x000001a570660000, 0x000001a5708d0000, 0x000001a570c00000]
 total_blobs=8686 nmethods=7811 adapters=785
 compilation: enabled
              stopped_count=0, restarted_count=0
 full_count=0

Compilation events (20 events):
Event: 11.093 Thread 0x000001a507497000 7849       2       com.google.common.collect.Multimaps$CustomSetMultimap::wrapCollection (58 bytes)
Event: 11.093 Thread 0x000001a507497000 nmethod 7849 0x000001a571c9ba10 code [0x000001a571c9bc20, 0x000001a571c9c0e8]
Event: 11.093 Thread 0x000001a507497000 7852       2       org.gradle.internal.reflect.annotations.impl.DefaultTypeAnnotationMetadataStore::processMethodAnnotations (239 bytes)
Event: 11.095 Thread 0x000001a507497000 nmethod 7852 0x000001a571c9c290 code [0x000001a571c9c6a0, 0x000001a571c9d628]
Event: 11.096 Thread 0x000001a507497000 7850       2       com.google.common.collect.ImmutableBiMap::<init> (5 bytes)
Event: 11.096 Thread 0x000001a507497000 nmethod 7850 0x000001a571c9e110 code [0x000001a571c9e2c0, 0x000001a571c9e3b8]
Event: 11.096 Thread 0x000001a507497000 7851       2       com.google.common.collect.ImmutableBiMapFauxverideShim::<init> (5 bytes)
Event: 11.096 Thread 0x000001a507497000 nmethod 7851 0x000001a571c9e490 code [0x000001a571c9e640, 0x000001a571c9e738]
Event: 11.096 Thread 0x000001a507497000 7853       2       org.gradle.internal.reflect.annotations.impl.DefaultTypeAnnotationMetadataStore::shouldIgnore (30 bytes)
Event: 11.096 Thread 0x000001a507497000 nmethod 7853 0x000001a571c9e810 code [0x000001a571c9e9e0, 0x000001a571c9ec18]
Event: 11.096 Thread 0x000001a507497000 7854       1       org.gradle.internal.reflect.annotations.impl.DefaultTypeAnnotationMetadataStore::access$200 (5 bytes)
Event: 11.096 Thread 0x000001a507497000 nmethod 7854 0x000001a5785a1a10 code [0x000001a5785a1bc0, 0x000001a5785a1c58]
Event: 11.096 Thread 0x000001a507497000 7848       2       org.gradle.internal.reflect.annotations.impl.DefaultTypeAnnotationMetadataStore$$Lambda$627/0x000000010071d440::get$Lambda (12 bytes)
Event: 11.096 Thread 0x000001a507497000 nmethod 7848 0x000001a571c9ed90 code [0x000001a571c9ef40, 0x000001a571c9f1f8]
Event: 11.096 Thread 0x000001a507497000 7856       1       org.gradle.api.internal.tasks.properties.bean.RuntimeBeanNode::getBean (5 bytes)
Event: 11.096 Thread 0x000001a507497000 nmethod 7856 0x000001a5785a1d10 code [0x000001a5785a1ec0, 0x000001a5785a1f78]
Event: 11.097 Thread 0x000001a507497000 7857       2       com.google.common.collect.ImmutableMapEntrySet::size (8 bytes)
Event: 11.097 Thread 0x000001a507497000 nmethod 7857 0x000001a571c9f290 code [0x000001a571c9f460, 0x000001a571c9f598]
Event: 11.107 Thread 0x000001a507497000 7858       2       org.gradle.cache.internal.DefaultCrossBuildInMemoryCacheFactory$DefaultCrossBuildInMemoryCache::retainValue (20 bytes)
Event: 11.107 Thread 0x000001a507497000 nmethod 7858 0x000001a571c9f690 code [0x000001a571c9f860, 0x000001a571c9fac8]

GC Heap History (20 events):
Event: 3.835 GC heap before
{Heap before GC invocations=10 (full 0):
 garbage-first heap   total 115712K, used 79841K [0x0000000080000000, 0x0000000100000000)
  region size 1024K, 60 young (61440K), 6 survivors (6144K)
 Metaspace       used 39442K, capacity 40372K, committed 40528K, reserved 1085440K
  class space    used 5055K, capacity 5386K, committed 5456K, reserved 1048576K
}
Event: 3.846 GC heap after
{Heap after GC invocations=11 (full 0):
 garbage-first heap   total 115712K, used 27095K [0x0000000080000000, 0x0000000100000000)
  region size 1024K, 8 young (8192K), 8 survivors (8192K)
 Metaspace       used 39442K, capacity 40372K, committed 40528K, reserved 1085440K
  class space    used 5055K, capacity 5386K, committed 5456K, reserved 1048576K
}
Event: 4.976 GC heap before
{Heap before GC invocations=11 (full 0):
 garbage-first heap   total 115712K, used 81367K [0x0000000080000000, 0x0000000100000000)
  region size 1024K, 61 young (62464K), 8 survivors (8192K)
 Metaspace       used 44425K, capacity 45508K, committed 45776K, reserved 1089536K
  class space    used 5694K, capacity 6062K, committed 6096K, reserved 1048576K
}
Event: 4.987 GC heap after
{Heap after GC invocations=12 (full 0):
 garbage-first heap   total 115712K, used 30776K [0x0000000080000000, 0x0000000100000000)
  region size 1024K, 8 young (8192K), 8 survivors (8192K)
 Metaspace       used 44425K, capacity 45508K, committed 45776K, reserved 1089536K
  class space    used 5694K, capacity 6062K, committed 6096K, reserved 1048576K
}
Event: 6.331 GC heap before
{Heap before GC invocations=12 (full 0):
 garbage-first heap   total 115712K, used 84024K [0x0000000080000000, 0x0000000100000000)
  region size 1024K, 60 young (61440K), 8 survivors (8192K)
 Metaspace       used 48058K, capacity 49348K, committed 49488K, reserved 1091584K
  class space    used 6168K, capacity 6641K, committed 6736K, reserved 1048576K
}
Event: 6.338 GC heap after
{Heap after GC invocations=13 (full 0):
 garbage-first heap   total 115712K, used 32579K [0x0000000080000000, 0x0000000100000000)
  region size 1024K, 6 young (6144K), 6 survivors (6144K)
 Metaspace       used 48058K, capacity 49348K, committed 49488K, reserved 1091584K
  class space    used 6168K, capacity 6641K, committed 6736K, reserved 1048576K
}
Event: 7.205 GC heap before
{Heap before GC invocations=13 (full 0):
 garbage-first heap   total 115712K, used 95043K [0x0000000080000000, 0x0000000100000000)
  region size 1024K, 59 young (60416K), 6 survivors (6144K)
 Metaspace       used 49377K, capacity 50783K, committed 50896K, reserved 1093632K
  class space    used 6328K, capacity 6798K, committed 6864K, reserved 1048576K
}
Event: 7.215 GC heap after
{Heap after GC invocations=14 (full 0):
 garbage-first heap   total 139264K, used 50783K [0x0000000080000000, 0x0000000100000000)
  region size 1024K, 8 young (8192K), 8 survivors (8192K)
 Metaspace       used 49377K, capacity 50783K, committed 50896K, reserved 1093632K
  class space    used 6328K, capacity 6798K, committed 6864K, reserved 1048576K
}
Event: 7.823 GC heap before
{Heap before GC invocations=14 (full 0):
 garbage-first heap   total 139264K, used 105055K [0x0000000080000000, 0x0000000100000000)
  region size 1024K, 61 young (62464K), 8 survivors (8192K)
 Metaspace       used 57251K, capacity 58717K, committed 58832K, reserved 1099776K
  class space    used 7277K, capacity 7780K, committed 7888K, reserved 1048576K
}
Event: 7.830 GC heap after
{Heap after GC invocations=15 (full 0):
 garbage-first heap   total 139264K, used 53005K [0x0000000080000000, 0x0000000100000000)
  region size 1024K, 3 young (3072K), 3 survivors (3072K)
 Metaspace       used 57251K, capacity 58717K, committed 58832K, reserved 1099776K
  class space    used 7277K, capacity 7780K, committed 7888K, reserved 1048576K
}
Event: 7.954 GC heap before
{Heap before GC invocations=15 (full 0):
 garbage-first heap   total 139264K, used 64269K [0x0000000080000000, 0x0000000100000000)
  region size 1024K, 15 young (15360K), 3 survivors (3072K)
 Metaspace       used 58618K, capacity 60141K, committed 60296K, reserved 1101824K
  class space    used 7478K, capacity 8039K, committed 8144K, reserved 1048576K
}
Event: 7.958 GC heap after
{Heap after GC invocations=16 (full 0):
 garbage-first heap   total 139264K, used 52996K [0x0000000080000000, 0x0000000100000000)
  region size 1024K, 3 young (3072K), 3 survivors (3072K)
 Metaspace       used 58618K, capacity 60141K, committed 60296K, reserved 1101824K
  class space    used 7478K, capacity 8039K, committed 8144K, reserved 1048576K
}
Event: 8.540 GC heap before
{Heap before GC invocations=17 (full 0):
 garbage-first heap   total 139264K, used 107268K [0x0000000080000000, 0x0000000100000000)
  region size 1024K, 57 young (58368K), 3 survivors (3072K)
 Metaspace       used 64101K, capacity 65684K, committed 66056K, reserved 1105920K
  class space    used 8123K, capacity 8665K, committed 8784K, reserved 1048576K
}
Event: 8.547 GC heap after
{Heap after GC invocations=18 (full 0):
 garbage-first heap   total 139264K, used 57646K [0x0000000080000000, 0x0000000100000000)
  region size 1024K, 7 young (7168K), 7 survivors (7168K)
 Metaspace       used 64101K, capacity 65684K, committed 66056K, reserved 1105920K
  class space    used 8123K, capacity 8665K, committed 8784K, reserved 1048576K
}
Event: 9.161 GC heap before
{Heap before GC invocations=19 (full 0):
 garbage-first heap   total 139264K, used 110894K [0x0000000080000000, 0x0000000100000000)
  region size 1024K, 59 young (60416K), 7 survivors (7168K)
 Metaspace       used 67884K, capacity 69558K, committed 69640K, reserved 1110016K
  class space    used 8641K, capacity 9221K, committed 9296K, reserved 1048576K
}
Event: 9.170 GC heap after
{Heap after GC invocations=20 (full 0):
 garbage-first heap   total 139264K, used 61102K [0x0000000080000000, 0x0000000100000000)
  region size 1024K, 4 young (4096K), 4 survivors (4096K)
 Metaspace       used 67884K, capacity 69558K, committed 69640K, reserved 1110016K
  class space    used 8641K, capacity 9221K, committed 9296K, reserved 1048576K
}
Event: 9.770 GC heap before
{Heap before GC invocations=20 (full 0):
 garbage-first heap   total 139264K, used 111278K [0x0000000080000000, 0x0000000100000000)
  region size 1024K, 53 young (54272K), 4 survivors (4096K)
 Metaspace       used 70021K, capacity 71649K, committed 71944K, reserved 1112064K
  class space    used 8911K, capacity 9491K, committed 9552K, reserved 1048576K
}
Event: 9.777 GC heap after
{Heap after GC invocations=21 (full 0):
 garbage-first heap   total 167936K, used 64547K [0x0000000080000000, 0x0000000100000000)
  region size 1024K, 7 young (7168K), 7 survivors (7168K)
 Metaspace       used 70021K, capacity 71649K, committed 71944K, reserved 1112064K
  class space    used 8911K, capacity 9491K, committed 9552K, reserved 1048576K
}
Event: 10.625 GC heap before
{Heap before GC invocations=21 (full 0):
 garbage-first heap   total 167936K, used 128035K [0x0000000080000000, 0x0000000100000000)
  region size 1024K, 69 young (70656K), 7 survivors (7168K)
 Metaspace       used 74711K, capacity 76399K, committed 76552K, reserved 1116160K
  class space    used 9698K, capacity 10299K, committed 10320K, reserved 1048576K
}
Event: 10.632 GC heap after
{Heap after GC invocations=22 (full 0):
 garbage-first heap   total 167936K, used 68940K [0x0000000080000000, 0x0000000100000000)
  region size 1024K, 9 young (9216K), 9 survivors (9216K)
 Metaspace       used 74711K, capacity 76399K, committed 76552K, reserved 1116160K
  class space    used 9698K, capacity 10299K, committed 10320K, reserved 1048576K
}

Deoptimization events (20 events):
Event: 10.808 Thread 0x000001a50a48e000 DEOPT PACKING pc=0x000001a5784cd2c8 sp=0x0000006a27bf9310
Event: 10.808 Thread 0x000001a50a48e000 DEOPT UNPACKING pc=0x000001a5706aa1af sp=0x0000006a27bf9230 mode 2
Event: 10.808 Thread 0x000001a50a48e000 Uncommon trap: trap_request=0xffffff4d fr.pc=0x000001a57844a3ec relative=0x00000000000001ac
Event: 10.808 Thread 0x000001a50a48e000 Uncommon trap: reason=unstable_if action=reinterpret pc=0x000001a57844a3ec method=java.util.HashMap.getNode(ILjava/lang/Object;)Ljava/util/HashMap$Node; @ 84 c2
Event: 10.808 Thread 0x000001a50a48e000 DEOPT PACKING pc=0x000001a57844a3ec sp=0x0000006a27bf92b0
Event: 10.808 Thread 0x000001a50a48e000 DEOPT UNPACKING pc=0x000001a5706aa1af sp=0x0000006a27bf9238 mode 2
Event: 10.835 Thread 0x000001a50a48e000 DEOPT PACKING pc=0x000001a57182ebec sp=0x0000006a27bf9600
Event: 10.835 Thread 0x000001a50a48e000 DEOPT UNPACKING pc=0x000001a5706aa95e sp=0x0000006a27bf8ba0 mode 0
Event: 10.917 Thread 0x000001a50a48e000 DEOPT PACKING pc=0x000001a5718dc3a7 sp=0x0000006a27bf7d90
Event: 10.917 Thread 0x000001a50a48e000 DEOPT UNPACKING pc=0x000001a5706aa95e sp=0x0000006a27bf7220 mode 0
Event: 10.943 Thread 0x000001a50a48e000 Uncommon trap: trap_request=0xffffff4d fr.pc=0x000001a5783d3b6c relative=0x00000000000006ec
Event: 10.943 Thread 0x000001a50a48e000 Uncommon trap: reason=unstable_if action=reinterpret pc=0x000001a5783d3b6c method=java.util.HashMap.putVal(ILjava/lang/Object;Ljava/lang/Object;ZZ)Ljava/lang/Object; @ 109 c2
Event: 10.943 Thread 0x000001a50a48e000 DEOPT PACKING pc=0x000001a5783d3b6c sp=0x0000006a27bf7cc0
Event: 10.943 Thread 0x000001a50a48e000 DEOPT UNPACKING pc=0x000001a5706aa1af sp=0x0000006a27bf7bd8 mode 2
Event: 10.943 Thread 0x000001a50a48e000 Uncommon trap: trap_request=0xffffff4d fr.pc=0x000001a5783adcf4 relative=0x0000000000000674
Event: 10.943 Thread 0x000001a50a48e000 Uncommon trap: reason=unstable_if action=reinterpret pc=0x000001a5783adcf4 method=java.util.HashMap.putVal(ILjava/lang/Object;Ljava/lang/Object;ZZ)Ljava/lang/Object; @ 109 c2
Event: 10.943 Thread 0x000001a50a48e000 DEOPT PACKING pc=0x000001a5783adcf4 sp=0x0000006a27bf7c10
Event: 10.943 Thread 0x000001a50a48e000 DEOPT UNPACKING pc=0x000001a5706aa1af sp=0x0000006a27bf7bc8 mode 2
Event: 11.034 Thread 0x000001a50a48e000 DEOPT PACKING pc=0x000001a5718dc3a7 sp=0x0000006a27bf7e00
Event: 11.034 Thread 0x000001a50a48e000 DEOPT UNPACKING pc=0x000001a5706aa95e sp=0x0000006a27bf7290 mode 0

Classes redefined (0 events):
No events

Internal exceptions (20 events):
Event: 10.570 Thread 0x000001a50a48e000 Exception <a 'java/lang/ClassNotFoundException'{0x0000000086a6c260}: org/gradle/api/internal/tasks/DefaultTaskContainer$TaskCreatingProviderBeanInfo> (0x0000000086a6c260) thrown at [./src/hotspot/share/classfile/systemDictionary.cpp, line 231]
Event: 10.570 Thread 0x000001a50a48e000 Exception <a 'java/lang/ClassNotFoundException'{0x0000000086a8bab0}: org/gradle/api/internal/DefaultNamedDomainObjectCollection$AbstractDomainObjectCreatingProviderBeanInfo> (0x0000000086a8bab0) thrown at [./src/hotspot/share/classfile/systemDictionary.cpp, line 231]
Event: 10.571 Thread 0x000001a50a48e000 Exception <a 'java/lang/ClassNotFoundException'{0x0000000086aaae90}: org/gradle/api/internal/DefaultNamedDomainObjectCollection$AbstractNamedDomainObjectProviderBeanInfo> (0x0000000086aaae90) thrown at [./src/hotspot/share/classfile/systemDictionary.cpp, line 231]
Event: 10.571 Thread 0x000001a50a48e000 Exception <a 'java/lang/ClassNotFoundException'{0x0000000086aca400}: org/gradle/api/internal/DefaultNamedDomainObjectCollection$AbstractNamedDomainObjectProviderCustomizer> (0x0000000086aca400) thrown at [./src/hotspot/share/classfile/systemDictionary.cpp, line 231]
Event: 10.572 Thread 0x000001a50a48e000 Exception <a 'java/lang/ClassNotFoundException'{0x0000000086afbc60}: org/gradle/api/internal/DefaultNamedDomainObjectCollection$AbstractDomainObjectCreatingProviderCustomizer> (0x0000000086afbc60) thrown at [./src/hotspot/share/classfile/systemDictionary.cpp, line 231]
Event: 10.573 Thread 0x000001a50a48e000 Exception <a 'java/lang/ClassNotFoundException'{0x0000000086922ac0}: org/gradle/api/internal/tasks/DefaultTaskContainer$TaskCreatingProviderCustomizer> (0x0000000086922ac0) thrown at [./src/hotspot/share/classfile/systemDictionary.cpp, line 231]
Event: 10.574 Thread 0x000001a50a48e000 Exception <a 'java/lang/ClassNotFoundException'{0x0000000086948198}: org/gradle/api/internal/tasks/DefaultTaskContainer$TaskCreatingProvider_DecoratedCustomizer> (0x0000000086948198) thrown at [./src/hotspot/share/classfile/systemDictionary.cpp, line 231]
Event: 10.669 Thread 0x000001a50a48e000 Exception <a 'java/lang/ClassNotFoundException'{0x000000008a1b8230}: com/google/android/gms/dependencies/DependencyAnalyzerBeanInfo> (0x000000008a1b8230) thrown at [./src/hotspot/share/classfile/systemDictionary.cpp, line 231]
Event: 10.669 Thread 0x000001a50a48e000 Exception <a 'java/lang/ClassNotFoundException'{0x000000008a1d34f8}: com/google/android/gms/dependencies/DependencyAnalyzerCustomizer> (0x000000008a1d34f8) thrown at [./src/hotspot/share/classfile/systemDictionary.cpp, line 231]
Event: 10.675 Thread 0x000001a50a48e000 Exception <a 'java/lang/ClassNotFoundException'{0x000000008a0684a0}: com/google/android/gms/dependencies/DependencyInspectorBeanInfo> (0x000000008a0684a0) thrown at [./src/hotspot/share/classfile/systemDictionary.cpp, line 231]
Event: 10.675 Thread 0x000001a50a48e000 Exception <a 'java/lang/ClassNotFoundException'{0x000000008a083a58}: com/google/android/gms/dependencies/DependencyInspectorCustomizer> (0x000000008a083a58) thrown at [./src/hotspot/share/classfile/systemDictionary.cpp, line 231]
Event: 10.677 Thread 0x000001a50a48e000 Exception <a 'java/lang/ClassNotFoundException'{0x000000008a0fcd60}: org/gradle/invocation/DefaultGradle_DecoratedBeanInfo> (0x000000008a0fcd60) thrown at [./src/hotspot/share/classfile/systemDictionary.cpp, line 231]
Event: 10.677 Thread 0x000001a50a48e000 Exception <a 'java/lang/ClassNotFoundException'{0x0000000089f13088}: org/gradle/invocation/DefaultGradleBeanInfo> (0x0000000089f13088) thrown at [./src/hotspot/share/classfile/systemDictionary.cpp, line 231]
Event: 10.677 Thread 0x000001a50a48e000 Exception <a 'java/lang/ClassNotFoundException'{0x0000000089f28ea8}: org/gradle/invocation/DefaultGradleCustomizer> (0x0000000089f28ea8) thrown at [./src/hotspot/share/classfile/systemDictionary.cpp, line 231]
Event: 10.678 Thread 0x000001a50a48e000 Exception <a 'java/lang/ClassNotFoundException'{0x0000000089f71000}: org/gradle/invocation/DefaultGradle_DecoratedCustomizer> (0x0000000089f71000) thrown at [./src/hotspot/share/classfile/systemDictionary.cpp, line 231]
Event: 10.725 Thread 0x000001a50a48e000 Implicit null exception at 0x000001a57839222f to 0x000001a5783929ac
Event: 10.726 Thread 0x000001a50a48e000 Implicit null exception at 0x000001a578395a14 to 0x000001a57839617c
Event: 10.958 Thread 0x000001a50a48e000 Exception <a 'java/lang/NoSuchMethodError'{0x0000000088699980}: 'java.lang.Object java.lang.invoke.Invokers$Holder.linkToTargetMethod(java.lang.Object, int, java.lang.Object)'> (0x0000000088699980) thrown at [./src/hotspot/share/interpreter/linkResolver.cpp, line 773]
Event: 11.114 Thread 0x000001a50a48e000 Exception <a 'sun/nio/fs/WindowsException'{0x0000000087820118}> (0x0000000087820118) thrown at [./src/hotspot/share/prims/jni.cpp, line 615]
Event: 11.114 Thread 0x000001a50a48e000 Exception <a 'sun/nio/fs/WindowsException'{0x00000000878204f0}> (0x00000000878204f0) thrown at [./src/hotspot/share/prims/jni.cpp, line 615]

Events (20 events):
Event: 11.144 loading class com/android/sdklib/repository/generated/sysimg/v2/ObjectFactory
Event: 11.144 loading class com/android/sdklib/repository/generated/sysimg/v2/ObjectFactory done
Event: 11.144 loading class com/android/sdklib/repository/generated/sysimg/v3/ObjectFactory
Event: 11.144 loading class com/android/sdklib/repository/generated/sysimg/v3/ObjectFactory done
Event: 11.144 loading class com/android/sdklib/repository/generated/sysimg/v4/ObjectFactory
Event: 11.144 loading class com/android/sdklib/repository/generated/sysimg/v4/ObjectFactory done
Event: 11.145 loading class com/android/sdklib/repository/generated/common/v1/ObjectFactory
Event: 11.145 loading class com/android/sdklib/repository/generated/common/v1/ObjectFactory done
Event: 11.145 loading class com/android/sdklib/repository/meta/SdkCommonFactory
Event: 11.145 loading class com/android/sdklib/repository/meta/SdkCommonFactory done
Event: 11.145 loading class com/android/sdklib/repository/IdDisplay
Event: 11.145 loading class com/android/sdklib/repository/IdDisplay done
Event: 11.145 loading class com/android/sdklib/repository/generated/common/v1/IdDisplayType
Event: 11.145 loading class com/android/sdklib/repository/generated/common/v1/IdDisplayType done
Event: 11.145 loading class com/android/sdklib/repository/meta/Library
Event: 11.145 loading class com/android/sdklib/repository/meta/Library done
Event: 11.145 loading class com/android/sdklib/OptionalLibrary
Event: 11.145 loading class com/android/sdklib/OptionalLibrary done
Event: 11.146 loading class com/android/sdklib/repository/generated/common/v1/LibraryType
Event: 11.146 loading class com/android/sdklib/repository/generated/common/v1/LibraryType done


Dynamic libraries:
0x00007ff77ed80000 - 0x00007ff77ed8a000 	C:\Program Files\Android\Android Studio\jre\bin\java.exe
0x00007ffadfab0000 - 0x00007ffadfca7000 	C:\Windows\SYSTEM32\ntdll.dll
0x00007ffadec50000 - 0x00007ffaded0d000 	C:\Windows\System32\KERNEL32.DLL
0x00007ffadd240000 - 0x00007ffadd50d000 	C:\Windows\System32\KERNELBASE.dll
0x00007ffadd860000 - 0x00007ffadd960000 	C:\Windows\System32\ucrtbase.dll
0x00007ffab4080000 - 0x00007ffab4099000 	C:\Program Files\Android\Android Studio\jre\bin\jli.dll
0x00007ffadf450000 - 0x00007ffadf5f0000 	C:\Windows\System32\USER32.dll
0x00007ffab4050000 - 0x00007ffab4067000 	C:\Program Files\Android\Android Studio\jre\bin\VCRUNTIME140.dll
0x00007ffadd650000 - 0x00007ffadd672000 	C:\Windows\System32\win32u.dll
0x00007ffabeaa0000 - 0x00007ffabed3a000 	C:\Windows\WinSxS\amd64_microsoft.windows.common-controls_6595b64144ccf1df_6.0.19041.1110_none_60b5254171f9507e\COMCTL32.dll
0x00007ffadec20000 - 0x00007ffadec4a000 	C:\Windows\System32\GDI32.dll
0x00007ffaded10000 - 0x00007ffadedae000 	C:\Windows\System32\msvcrt.dll
0x00007ffadd960000 - 0x00007ffadda6b000 	C:\Windows\System32\gdi32full.dll
0x00007ffadda70000 - 0x00007ffaddb0d000 	C:\Windows\System32\msvcp_win.dll
0x00007ffadf420000 - 0x00007ffadf450000 	C:\Windows\System32\IMM32.DLL
0x00007ffa9f350000 - 0x00007ffa9f3ed000 	C:\Program Files\Android\Android Studio\jre\bin\msvcp140.dll
0x00007ffa108d0000 - 0x00007ffa113b5000 	C:\Program Files\Android\Android Studio\jre\bin\server\jvm.dll
0x00007ffade5d0000 - 0x00007ffade67e000 	C:\Windows\System32\ADVAPI32.dll
0x00007ffade4d0000 - 0x00007ffade56c000 	C:\Windows\System32\sechost.dll
0x00007ffadf8b0000 - 0x00007ffadf9d5000 	C:\Windows\System32\RPCRT4.dll
0x00007ffadf9e0000 - 0x00007ffadf9e8000 	C:\Windows\System32\PSAPI.DLL
0x00007ffacd0f0000 - 0x00007ffacd117000 	C:\Windows\SYSTEM32\WINMM.dll
0x00007ffad6010000 - 0x00007ffad601a000 	C:\Windows\SYSTEM32\VERSION.dll
0x00007ffad6330000 - 0x00007ffad6339000 	C:\Windows\SYSTEM32\WSOCK32.dll
0x00007ffadf3b0000 - 0x00007ffadf41b000 	C:\Windows\System32\ws2_32.DLL
0x00007ffadba90000 - 0x00007ffadbaa2000 	C:\Windows\SYSTEM32\kernel.appcore.dll
0x00007ffab4610000 - 0x00007ffab4621000 	C:\Program Files\Android\Android Studio\jre\bin\verify.dll
0x00007ffadb830000 - 0x00007ffadba14000 	C:\Windows\SYSTEM32\DBGHELP.DLL
0x00007ffad4270000 - 0x00007ffad429c000 	C:\Windows\SYSTEM32\dbgcore.DLL
0x00007ffadd510000 - 0x00007ffadd592000 	C:\Windows\System32\bcryptPrimitives.dll
0x00007ffa9f840000 - 0x00007ffa9f869000 	C:\Program Files\Android\Android Studio\jre\bin\java.dll
0x00007ffad6320000 - 0x00007ffad632b000 	C:\Program Files\Android\Android Studio\jre\bin\jimage.dll
0x00007ffab45f0000 - 0x00007ffab4608000 	C:\Program Files\Android\Android Studio\jre\bin\zip.dll
0x00007ffaddb10000 - 0x00007ffade254000 	C:\Windows\System32\SHELL32.dll
0x00007ffadafc0000 - 0x00007ffadb754000 	C:\Windows\SYSTEM32\windows.storage.dll
0x00007ffadf050000 - 0x00007ffadf3a4000 	C:\Windows\System32\combase.dll
0x00007ffadcb60000 - 0x00007ffadcb8c000 	C:\Windows\SYSTEM32\Wldp.dll
0x00007ffade260000 - 0x00007ffade30d000 	C:\Windows\System32\SHCORE.dll
0x00007ffade570000 - 0x00007ffade5c5000 	C:\Windows\System32\shlwapi.dll
0x00007ffadd110000 - 0x00007ffadd12f000 	C:\Windows\SYSTEM32\profapi.dll
0x00007ffaa7ee0000 - 0x00007ffaa7efa000 	C:\Program Files\Android\Android Studio\jre\bin\net.dll
0x00007ffad30d0000 - 0x00007ffad31da000 	C:\Windows\SYSTEM32\WINHTTP.dll
0x00007ffadc8c0000 - 0x00007ffadc92a000 	C:\Windows\system32\mswsock.dll
0x00007ffaa75b0000 - 0x00007ffaa75c4000 	C:\Program Files\Android\Android Studio\jre\bin\nio.dll
0x00007ffad6e90000 - 0x00007ffad6eb7000 	C:\Users\Shend\.gradle\native\e1d6ef7f7dcc3fd88c89a11ec53ec762bb8ba0a96d01ffa2cd45eb1d1d8dd5c5\windows-amd64\native-platform.dll
0x00007ffa8a390000 - 0x00007ffa8a4d4000 	C:\Users\Shend\.gradle\native\5664cfc778a61ccfe75a443a1ab52a65af34e5dc3c78e0209fed803814484fcb\windows-amd64\native-platform-file-events.dll
0x00007ffad6270000 - 0x00007ffad627a000 	C:\Program Files\Android\Android Studio\jre\bin\management.dll
0x00007ffabd940000 - 0x00007ffabd94d000 	C:\Program Files\Android\Android Studio\jre\bin\management_ext.dll
0x00007ffadcab0000 - 0x00007ffadcac8000 	C:\Windows\SYSTEM32\CRYPTSP.dll
0x00007ffadc240000 - 0x00007ffadc274000 	C:\Windows\system32\rsaenh.dll
0x00007ffadd830000 - 0x00007ffadd857000 	C:\Windows\System32\bcrypt.dll
0x00007ffadd0d0000 - 0x00007ffadd0fe000 	C:\Windows\SYSTEM32\USERENV.dll
0x00007ffadcad0000 - 0x00007ffadcadc000 	C:\Windows\SYSTEM32\CRYPTBASE.dll
0x00007ffadc5b0000 - 0x00007ffadc5eb000 	C:\Windows\SYSTEM32\IPHLPAPI.DLL
0x00007ffade310000 - 0x00007ffade318000 	C:\Windows\System32\NSI.dll
0x00007ffad59b0000 - 0x00007ffad59c7000 	C:\Windows\SYSTEM32\dhcpcsvc6.DLL
0x00007ffad5f20000 - 0x00007ffad5f3d000 	C:\Windows\SYSTEM32\dhcpcsvc.DLL
0x00007ffadc5f0000 - 0x00007ffadc6bb000 	C:\Windows\SYSTEM32\DNSAPI.dll

dbghelp: loaded successfully - version: 4.0.5 - missing functions: none
symbol engine: initialized successfully - sym options: 0x614 - pdb path: .;C:\Program Files\Android\Android Studio\jre\bin;C:\Windows\SYSTEM32;C:\Windows\WinSxS\amd64_microsoft.windows.common-controls_6595b64144ccf1df_6.0.19041.1110_none_60b5254171f9507e;C:\Program Files\Android\Android Studio\jre\bin\server;C:\Users\Shend\.gradle\native\e1d6ef7f7dcc3fd88c89a11ec53ec762bb8ba0a96d01ffa2cd45eb1d1d8dd5c5\windows-amd64;C:\Users\Shend\.gradle\native\5664cfc778a61ccfe75a443a1ab52a65af34e5dc3c78e0209fed803814484fcb\windows-amd64

VM Arguments:
jvm_args: --add-opens=java.base/java.util=ALL-UNNAMED --add-opens=java.base/java.lang=ALL-UNNAMED --add-opens=java.base/java.lang.invoke=ALL-UNNAMED --add-opens=java.base/java.util=ALL-UNNAMED --add-opens=java.prefs/java.util.prefs=ALL-UNNAMED --add-opens=java.prefs/java.util.prefs=ALL-UNNAMED --add-opens=java.base/java.nio.charset=ALL-UNNAMED --add-opens=java.base/java.net=ALL-UNNAMED --add-opens=java.base/java.util.concurrent.atomic=ALL-UNNAMED -Xmx2048m -Dfile.encoding=UTF-8 -Duser.country=US -Duser.language=en -Duser.variant 
java_command: org.gradle.launcher.daemon.bootstrap.GradleDaemon 7.3.3
java_class_path (initial): C:\Users\Shend\.gradle\wrapper\dists\gradle-7.3.3-bin\6a41zxkdtcxs8rphpq6y0069z\gradle-7.3.3\lib\gradle-launcher-7.3.3.jar
Launcher Type: SUN_STANDARD

[Global flags]
     intx CICompilerCount                          = 4                                         {product} {ergonomic}
     uint ConcGCThreads                            = 3                                         {product} {ergonomic}
     uint G1ConcRefinementThreads                  = 10                                        {product} {ergonomic}
   size_t G1HeapRegionSize                         = 1048576                                   {product} {ergonomic}
    uintx GCDrainStackTargetSize                   = 64                                        {product} {ergonomic}
   size_t InitialHeapSize                          = 98566144                                  {product} {ergonomic}
   size_t MarkStackSize                            = 4194304                                   {product} {ergonomic}
   size_t MaxHeapSize                              = 2147483648                                {product} {command line}
   size_t MaxNewSize                               = 1287651328                                {product} {ergonomic}
   size_t MinHeapDeltaBytes                        = 1048576                                   {product} {ergonomic}
    uintx NonNMethodCodeHeapSize                   = 5836300                                {pd product} {ergonomic}
    uintx NonProfiledCodeHeapSize                  = 122910970                              {pd product} {ergonomic}
    uintx ProfiledCodeHeapSize                     = 122910970                              {pd product} {ergonomic}
    uintx ReservedCodeCacheSize                    = 251658240                              {pd product} {ergonomic}
     bool SegmentedCodeCache                       = true                                      {product} {ergonomic}
     bool UseCompressedClassPointers               = true                                 {lp64_product} {ergonomic}
     bool UseCompressedOops                        = true                                 {lp64_product} {ergonomic}
     bool UseG1GC                                  = true                                      {product} {ergonomic}
     bool UseLargePagesIndividualAllocation        = false                                  {pd product} {ergonomic}

Logging:
Log output configuration:
 #0: stdout all=warning uptime,level,tags
 #1: stderr all=off uptime,level,tags

Environment Variables:
PATH=C:\Program Files\Common Files\Oracle\Java\javapath;C:\Windows\system32;C:\Windows;C:\Windows\System32\Wbem;C:\Windows\System32\WindowsPowerShell\v1.0\;C:\Windows\System32\OpenSSH\;C:\Program Files\dotnet\;C:\Program Files\Microsoft SQL Server\Client SDK\ODBC\170\Tools\Binn\;C:\Program Files (x86)\Microsoft SQL Server\150\Tools\Binn\;C:\Program Files\Microsoft SQL Server\150\Tools\Binn\;C:\Program Files\Microsoft SQL Server\150\DTS\Binn\;C:\Program Files (x86)\Microsoft SQL Server\150\DTS\Binn\;C:\Program Files\Azure Data Studio\bin;C:\Program Files\Git\cmd;C:\Program Files\Microsoft SQL Server\130\Tools\Binn\;C:\Users\Shend\AppData\Local\Microsoft\WindowsApps;C:\Users\Shend\.dotnet\tools;C:\Users\Shend\AppData\Local\Programs\Microsoft VS Code\bin;C:\Program Files\Azure Data Studio\bin;C:\Users\Shend\AppData\Local\GitHubDesktop\bin
USERNAME=Shend
OS=Windows_NT
PROCESSOR_IDENTIFIER=AMD64 Family 25 Model 80 Stepping 0, AuthenticAMD



---------------  S Y S T E M  ---------------

OS: Windows 10 , 64 bit Build 19041 (10.0.19041.1741)
OS uptime: 14 days 23:44 hours

CPU:total 12 (initial active 12) (12 cores per cpu, 2 threads per core) family 25 model 80 stepping 0 microcode 0x0, cmov, cx8, fxsr, mmx, sse, sse2, sse3, ssse3, sse4.1, sse4.2, popcnt, avx, avx2, aes, clmul, erms, mmxext, 3dnowpref, lzcnt, sse4a, ht, tsc, tscinvbit, tscinv, bmi1, bmi2, adx, sha, fma

Memory: 4k page, system-wide physical 5996M (275M free)
TotalPageFile size 24428M (AvailPageFile size 0M)
current process WorkingSet (physical memory assigned to process): 344M, peak: 346M
current process commit charge ("private bytes"): 443M, peak: 444M

vm_info: OpenJDK 64-Bit Server VM (11.0.12+7-b1504.28-7817840) for windows-amd64 JRE (11.0.12+7-b1504.28-7817840), built on Oct 13 2021 22:12:33 by "builder" with MS VC++ 14.0 (VS2015)

END.
